{"meta": {"format": 3, "version": "7.13.0", "timestamp": "2025-12-17T14:27:06.755672", "branch_coverage": false, "show_contexts": false}, "files": {"src/molecular_simulations/__init__.py": {"executed_lines": [1], "summary": {"covered_lines": 1, "num_statements": 1, "percent_covered": 100.0, "percent_covered_display": "100", "missing_lines": 0, "excluded_lines": 0, "percent_statements_covered": 100.0, "percent_statements_covered_display": "100"}, "missing_lines": [], "excluded_lines": [], "functions": {"": {"executed_lines": [1], "summary": {"covered_lines": 1, "num_statements": 1, "percent_covered": 100.0, "percent_covered_display": "100", "missing_lines": 0, "excluded_lines": 0, "percent_statements_covered": 100.0, "percent_statements_covered_display": "100"}, "missing_lines": [], "excluded_lines": []}}, "classes": {"": {"executed_lines": [1], "summary": {"covered_lines": 1, "num_statements": 1, "percent_covered": 100.0, "percent_covered_display": "100", "missing_lines": 0, "excluded_lines": 0, "percent_statements_covered": 100.0, "percent_statements_covered_display": "100"}, "missing_lines": [], "excluded_lines": []}}}, "src/molecular_simulations/analysis/__init__.py": {"executed_lines": [1, 2, 4, 5, 6, 7], "summary": {"covered_lines": 6, "num_statements": 6, "percent_covered": 100.0, "percent_covered_display": "100", "missing_lines": 0, "excluded_lines": 0, "percent_statements_covered": 100.0, "percent_statements_covered_display": "100"}, "missing_lines": [], "excluded_lines": [], "functions": {"": {"executed_lines": [1, 2, 4, 5, 6, 7], "summary": {"covered_lines": 6, "num_statements": 6, "percent_covered": 100.0, "percent_covered_display": "100", "missing_lines": 0, "excluded_lines": 0, "percent_statements_covered": 100.0, "percent_statements_covered_display": "100"}, "missing_lines": [], "excluded_lines": []}}, "classes": {"": {"executed_lines": [1, 2, 4, 5, 6, 7], "summary": {"covered_lines": 6, "num_statements": 6, "percent_covered": 100.0, "percent_covered_display": "100", "missing_lines": 0, "excluded_lines": 0, "percent_statements_covered": 100.0, "percent_statements_covered_display": "100"}, "missing_lines": [], "excluded_lines": []}}}, "src/molecular_simulations/analysis/autocluster.py": {"executed_lines": [1, 7, 8, 9, 10, 11, 12, 13, 14, 15, 17, 18, 21, 22, 40, 46, 47, 49, 55, 56, 57, 58, 59, 60, 62, 63, 64, 65, 66, 67, 69, 71, 72, 78, 80, 81, 89, 90, 92, 95, 96, 111, 117, 119, 125, 126, 127, 128, 130, 131, 133, 135, 150, 151, 153, 154, 155, 157, 160, 161, 196, 217, 218, 219, 220, 222, 223, 225, 227, 239, 245, 247, 257, 258, 259, 260, 262, 263, 264, 266, 267, 268, 269, 271, 272, 274, 280, 281, 282, 283, 284, 285, 286, 287, 288, 290, 292, 298, 299, 301, 307, 308, 309, 313, 314, 315, 316, 318, 320, 323, 324, 343, 353, 359, 361, 367, 369, 381, 383, 392], "summary": {"covered_lines": 115, "num_statements": 121, "percent_covered": 95.04132231404958, "percent_covered_display": "95", "missing_lines": 6, "excluded_lines": 0, "percent_statements_covered": 95.04132231404958, "percent_statements_covered_display": "95"}, "missing_lines": [233, 234, 235, 236, 237, 311], "excluded_lines": [], "functions": {"GenericDataloader.__init__": {"executed_lines": [46, 47], "summary": {"covered_lines": 2, "num_statements": 2, "percent_covered": 100.0, "percent_covered_display": "100", "missing_lines": 0, "excluded_lines": 0, "percent_statements_covered": 100.0, "percent_statements_covered_display": "100"}, "missing_lines": [], "excluded_lines": []}, "GenericDataloader.load_data": {"executed_lines": [55, 56, 57, 58, 59, 60, 62, 63, 64, 65, 66, 67, 69], "summary": {"covered_lines": 13, "num_statements": 13, "percent_covered": 100.0, "percent_covered_display": "100", "missing_lines": 0, "excluded_lines": 0, "percent_statements_covered": 100.0, "percent_statements_covered_display": "100"}, "missing_lines": [], "excluded_lines": []}, "GenericDataloader.data": {"executed_lines": [78], "summary": {"covered_lines": 1, "num_statements": 1, "percent_covered": 100.0, "percent_covered_display": "100", "missing_lines": 0, "excluded_lines": 0, "percent_statements_covered": 100.0, "percent_statements_covered_display": "100"}, "missing_lines": [], "excluded_lines": []}, "GenericDataloader.shape": {"executed_lines": [89, 90, 92], "summary": {"covered_lines": 3, "num_statements": 3, "percent_covered": 100.0, "percent_covered_display": "100", "missing_lines": 0, "excluded_lines": 0, "percent_statements_covered": 100.0, "percent_statements_covered_display": "100"}, "missing_lines": [], "excluded_lines": []}, "PeriodicDataloader.__init__": {"executed_lines": [117], "summary": {"covered_lines": 1, "num_statements": 1, "percent_covered": 100.0, "percent_covered_display": "100", "missing_lines": 0, "excluded_lines": 0, "percent_statements_covered": 100.0, "percent_statements_covered_display": "100"}, "missing_lines": [], "excluded_lines": []}, "PeriodicDataloader.load_data": {"executed_lines": [125, 126, 127, 128, 130, 131, 133], "summary": {"covered_lines": 7, "num_statements": 7, "percent_covered": 100.0, "percent_covered_display": "100", "missing_lines": 0, "excluded_lines": 0, "percent_statements_covered": 100.0, "percent_statements_covered_display": "100"}, "missing_lines": [], "excluded_lines": []}, "PeriodicDataloader.remove_periodicity": {"executed_lines": [150, 151, 153, 154, 155, 157], "summary": {"covered_lines": 6, "num_statements": 6, "percent_covered": 100.0, "percent_covered_display": "100", "missing_lines": 0, "excluded_lines": 0, "percent_statements_covered": 100.0, "percent_statements_covered_display": "100"}, "missing_lines": [], "excluded_lines": []}, "AutoKMeans.__init__": {"executed_lines": [217, 218, 219, 220, 222, 223, 225], "summary": {"covered_lines": 7, "num_statements": 7, "percent_covered": 100.0, "percent_covered_display": "100", "missing_lines": 0, "excluded_lines": 0, "percent_statements_covered": 100.0, "percent_statements_covered_display": "100"}, "missing_lines": [], "excluded_lines": []}, "AutoKMeans.run": {"executed_lines": [], "summary": {"covered_lines": 0, "num_statements": 5, "percent_covered": 0.0, "percent_covered_display": "0", "missing_lines": 5, "excluded_lines": 0, "percent_statements_covered": 0.0, "percent_statements_covered_display": "0"}, "missing_lines": [233, 234, 235, 236, 237], "excluded_lines": []}, "AutoKMeans.reduce_dimensionality": {"executed_lines": [245], "summary": {"covered_lines": 1, "num_statements": 1, "percent_covered": 100.0, "percent_covered_display": "100", "missing_lines": 0, "excluded_lines": 0, "percent_statements_covered": 100.0, "percent_statements_covered_display": "100"}, "missing_lines": [], "excluded_lines": []}, "AutoKMeans.sweep_n_clusters": {"executed_lines": [257, 258, 259, 260, 262, 263, 264, 266, 267, 268, 269, 271, 272], "summary": {"covered_lines": 13, "num_statements": 13, "percent_covered": 100.0, "percent_covered_display": "100", "missing_lines": 0, "excluded_lines": 0, "percent_statements_covered": 100.0, "percent_statements_covered_display": "100"}, "missing_lines": [], "excluded_lines": []}, "AutoKMeans.map_centers_to_frames": {"executed_lines": [280, 281, 282, 283, 284, 285, 286, 287, 288, 290], "summary": {"covered_lines": 10, "num_statements": 10, "percent_covered": 100.0, "percent_covered_display": "100", "missing_lines": 0, "excluded_lines": 0, "percent_statements_covered": 100.0, "percent_statements_covered_display": "100"}, "missing_lines": [], "excluded_lines": []}, "AutoKMeans.save_centers": {"executed_lines": [298, 299], "summary": {"covered_lines": 2, "num_statements": 2, "percent_covered": 100.0, "percent_covered_display": "100", "missing_lines": 0, "excluded_lines": 0, "percent_statements_covered": 100.0, "percent_statements_covered_display": "100"}, "missing_lines": [], "excluded_lines": []}, "AutoKMeans.save_labels": {"executed_lines": [307, 308, 309, 313, 314, 315, 316, 318, 320], "summary": {"covered_lines": 9, "num_statements": 10, "percent_covered": 90.0, "percent_covered_display": "90", "missing_lines": 1, "excluded_lines": 0, "percent_statements_covered": 90.0, "percent_statements_covered_display": "90"}, "missing_lines": [311], "excluded_lines": []}, "Decomposition.__init__": {"executed_lines": [353, 359], "summary": {"covered_lines": 2, "num_statements": 2, "percent_covered": 100.0, "percent_covered_display": "100", "missing_lines": 0, "excluded_lines": 0, "percent_statements_covered": 100.0, "percent_statements_covered_display": "100"}, "missing_lines": [], "excluded_lines": []}, "Decomposition.fit": {"executed_lines": [367], "summary": {"covered_lines": 1, "num_statements": 1, "percent_covered": 100.0, "percent_covered_display": "100", "missing_lines": 0, "excluded_lines": 0, "percent_statements_covered": 100.0, "percent_statements_covered_display": "100"}, "missing_lines": [], "excluded_lines": []}, "Decomposition.transform": {"executed_lines": [381], "summary": {"covered_lines": 1, "num_statements": 1, "percent_covered": 100.0, "percent_covered_display": "100", "missing_lines": 0, "excluded_lines": 0, "percent_statements_covered": 100.0, "percent_statements_covered_display": "100"}, "missing_lines": [], "excluded_lines": []}, "Decomposition.fit_transform": {"executed_lines": [392], "summary": {"covered_lines": 1, "num_statements": 1, "percent_covered": 100.0, "percent_covered_display": "100", "missing_lines": 0, "excluded_lines": 0, "percent_statements_covered": 100.0, "percent_statements_covered_display": "100"}, "missing_lines": [], "excluded_lines": []}, "": {"executed_lines": [1, 7, 8, 9, 10, 11, 12, 13, 14, 15, 17, 18, 21, 22, 40, 49, 71, 72, 80, 81, 95, 96, 111, 119, 135, 160, 161, 196, 227, 239, 247, 274, 292, 301, 323, 324, 343, 361, 369, 383], "summary": {"covered_lines": 35, "num_statements": 35, "percent_covered": 100.0, "percent_covered_display": "100", "missing_lines": 0, "excluded_lines": 0, "percent_statements_covered": 100.0, "percent_statements_covered_display": "100"}, "missing_lines": [], "excluded_lines": []}}, "classes": {"GenericDataloader": {"executed_lines": [46, 47, 55, 56, 57, 58, 59, 60, 62, 63, 64, 65, 66, 67, 69, 78, 89, 90, 92], "summary": {"covered_lines": 19, "num_statements": 19, "percent_covered": 100.0, "percent_covered_display": "100", "missing_lines": 0, "excluded_lines": 0, "percent_statements_covered": 100.0, "percent_statements_covered_display": "100"}, "missing_lines": [], "excluded_lines": []}, "PeriodicDataloader": {"executed_lines": [117, 125, 126, 127, 128, 130, 131, 133, 150, 151, 153, 154, 155, 157], "summary": {"covered_lines": 14, "num_statements": 14, "percent_covered": 100.0, "percent_covered_display": "100", "missing_lines": 0, "excluded_lines": 0, "percent_statements_covered": 100.0, "percent_statements_covered_display": "100"}, "missing_lines": [], "excluded_lines": []}, "AutoKMeans": {"executed_lines": [217, 218, 219, 220, 222, 223, 225, 245, 257, 258, 259, 260, 262, 263, 264, 266, 267, 268, 269, 271, 272, 280, 281, 282, 283, 284, 285, 286, 287, 288, 290, 298, 299, 307, 308, 309, 313, 314, 315, 316, 318, 320], "summary": {"covered_lines": 42, "num_statements": 48, "percent_covered": 87.5, "percent_covered_display": "88", "missing_lines": 6, "excluded_lines": 0, "percent_statements_covered": 87.5, "percent_statements_covered_display": "88"}, "missing_lines": [233, 234, 235, 236, 237, 311], "excluded_lines": []}, "Decomposition": {"executed_lines": [353, 359, 367, 381, 392], "summary": {"covered_lines": 5, "num_statements": 5, "percent_covered": 100.0, "percent_covered_display": "100", "missing_lines": 0, "excluded_lines": 0, "percent_statements_covered": 100.0, "percent_statements_covered_display": "100"}, "missing_lines": [], "excluded_lines": []}, "": {"executed_lines": [1, 7, 8, 9, 10, 11, 12, 13, 14, 15, 17, 18, 21, 22, 40, 49, 71, 72, 80, 81, 95, 96, 111, 119, 135, 160, 161, 196, 227, 239, 247, 274, 292, 301, 323, 324, 343, 361, 369, 383], "summary": {"covered_lines": 35, "num_statements": 35, "percent_covered": 100.0, "percent_covered_display": "100", "missing_lines": 0, "excluded_lines": 0, "percent_statements_covered": 100.0, "percent_statements_covered_display": "100"}, "missing_lines": [], "excluded_lines": []}}}, "src/molecular_simulations/analysis/constant_pH_analysis.py": {"executed_lines": [1, 8, 10, 11, 12, 13, 14, 15, 16, 17, 18, 20, 24, 25, 40, 41, 42, 43, 44, 46, 59, 60, 61, 62, 65, 66, 67, 70, 71, 73, 74, 77, 78, 81, 84, 85, 86, 87, 89, 93, 94, 95, 96, 97, 98, 99, 101, 116, 117, 118, 123, 124, 126, 127, 128, 129, 130, 131, 133, 134, 136, 137, 141, 142, 143, 145, 150, 151, 152, 153, 154, 156, 157, 160, 164, 165, 168, 171, 172, 175, 176, 178, 185, 186, 187, 188, 189, 191, 193, 207, 208, 211, 212, 213, 214, 215, 216, 217, 221, 224, 226, 228, 248, 251, 256, 258, 260, 262, 265, 266, 280, 287, 288, 289, 290, 291, 292, 293, 294, 295, 297, 300, 302, 303, 304, 306, 307, 317, 319, 321, 324, 325, 326, 328, 329, 331, 332, 338, 342, 343, 344, 345, 346, 348, 349, 350, 352, 353, 359, 363, 367, 369, 371, 374, 383, 384, 386, 387, 388, 389, 394, 402, 411, 417, 419, 420, 421, 422, 423, 425, 440, 441, 442, 444, 445, 452, 453, 454, 459, 470, 472, 551, 668, 679, 713, 717, 776, 777, 783, 785, 786, 788, 796, 797, 799, 807, 843, 844, 860, 875, 876, 877, 879, 880, 883, 884, 885, 886, 887, 890, 893, 894, 896, 898, 923, 930, 931, 934, 935, 936, 938, 946, 947, 950, 951, 956, 966, 978, 981, 983, 988, 990, 1001, 1063, 1072, 1073, 1083, 1201, 1263, 1339, 1357, 1358, 1360, 1362, 1363, 1364, 1365, 1366, 1371, 1373, 1375, 1376, 1377, 1379, 1381, 1383, 1384, 1386, 1392, 1565, 1598, 1653, 1752, 1753, 1754, 1757, 1785, 1786, 1788, 1799, 1801, 1804], "summary": {"covered_lines": 267, "num_statements": 754, "percent_covered": 35.41114058355438, "percent_covered_display": "35", "missing_lines": 487, "excluded_lines": 2, "percent_statements_covered": 35.41114058355438, "percent_statements_covered_display": "35"}, "missing_lines": [173, 177, 180, 391, 427, 437, 455, 456, 457, 482, 484, 485, 486, 487, 488, 489, 491, 492, 502, 507, 508, 509, 510, 512, 515, 516, 517, 519, 521, 522, 531, 532, 533, 534, 535, 536, 538, 549, 574, 576, 577, 579, 580, 581, 582, 583, 584, 586, 587, 589, 590, 602, 605, 606, 608, 609, 616, 617, 618, 621, 622, 624, 626, 627, 629, 630, 632, 633, 640, 641, 642, 643, 646, 647, 648, 650, 651, 653, 666, 670, 671, 672, 673, 674, 675, 677, 681, 682, 684, 690, 691, 692, 693, 694, 696, 697, 699, 700, 708, 710, 711, 715, 733, 735, 736, 737, 740, 741, 743, 745, 756, 757, 758, 759, 760, 761, 762, 763, 764, 765, 767, 768, 769, 770, 771, 772, 774, 821, 822, 825, 832, 837, 838, 840, 924, 925, 926, 927, 939, 940, 941, 942, 943, 948, 949, 952, 953, 957, 958, 959, 960, 961, 962, 963, 967, 968, 969, 970, 973, 974, 975, 979, 984, 985, 986, 992, 1014, 1015, 1017, 1018, 1022, 1023, 1025, 1026, 1027, 1028, 1029, 1030, 1031, 1033, 1038, 1039, 1040, 1042, 1044, 1046, 1047, 1048, 1049, 1051, 1052, 1053, 1054, 1056, 1057, 1058, 1059, 1061, 1074, 1075, 1076, 1077, 1078, 1079, 1081, 1117, 1118, 1119, 1120, 1122, 1123, 1125, 1126, 1128, 1130, 1133, 1134, 1135, 1136, 1139, 1142, 1143, 1151, 1158, 1159, 1160, 1161, 1162, 1163, 1164, 1165, 1169, 1172, 1173, 1174, 1175, 1176, 1177, 1178, 1179, 1183, 1186, 1187, 1188, 1189, 1190, 1191, 1192, 1194, 1196, 1197, 1199, 1228, 1229, 1230, 1231, 1233, 1234, 1236, 1237, 1239, 1240, 1242, 1243, 1245, 1246, 1247, 1249, 1255, 1257, 1258, 1260, 1261, 1275, 1276, 1277, 1278, 1280, 1281, 1283, 1287, 1288, 1290, 1292, 1293, 1294, 1297, 1298, 1299, 1303, 1304, 1305, 1306, 1307, 1308, 1309, 1310, 1312, 1313, 1321, 1322, 1323, 1324, 1326, 1327, 1328, 1329, 1330, 1332, 1334, 1335, 1337, 1367, 1368, 1369, 1370, 1378, 1380, 1382, 1388, 1389, 1390, 1431, 1432, 1435, 1436, 1437, 1438, 1439, 1442, 1446, 1452, 1457, 1459, 1460, 1461, 1462, 1463, 1466, 1468, 1469, 1470, 1471, 1474, 1475, 1476, 1479, 1480, 1481, 1482, 1483, 1484, 1486, 1488, 1489, 1491, 1494, 1495, 1496, 1497, 1498, 1500, 1502, 1513, 1515, 1516, 1517, 1518, 1521, 1522, 1523, 1525, 1526, 1527, 1528, 1531, 1532, 1533, 1534, 1535, 1536, 1537, 1538, 1539, 1542, 1543, 1544, 1545, 1546, 1551, 1556, 1557, 1558, 1559, 1563, 1586, 1592, 1593, 1594, 1596, 1623, 1629, 1630, 1632, 1634, 1635, 1636, 1637, 1638, 1640, 1641, 1642, 1643, 1644, 1645, 1646, 1650, 1651, 1678, 1679, 1680, 1681, 1682, 1684, 1687, 1689, 1692, 1700, 1701, 1702, 1703, 1705, 1707, 1710, 1711, 1712, 1715, 1716, 1717, 1718, 1721, 1722, 1724, 1725, 1726, 1727, 1729, 1730, 1731, 1734, 1736, 1739, 1740, 1741, 1745, 1747, 1748, 1750, 1789, 1790, 1791, 1792, 1793, 1794, 1795, 1797, 1805, 1808, 1809, 1810, 1833, 1836, 1839, 1842, 1843, 1844, 1845, 1846, 1847, 1850, 1857, 1858, 1861, 1864, 1865, 1869, 1870], "excluded_lines": [20, 21], "functions": {"UWHAMSolver.__init__": {"executed_lines": [41, 42, 43, 44], "summary": {"covered_lines": 4, "num_statements": 4, "percent_covered": 100.0, "percent_covered_display": "100", "missing_lines": 0, "excluded_lines": 0, "percent_statements_covered": 100.0, "percent_statements_covered_display": "100"}, "missing_lines": [], "excluded_lines": []}, "UWHAMSolver.load_data": {"executed_lines": [59, 60, 61, 62, 65, 66, 67, 70, 71, 73, 74, 77, 78, 81, 84, 85, 86, 87, 89, 93, 94, 95, 96, 97, 98, 99], "summary": {"covered_lines": 26, "num_statements": 26, "percent_covered": 100.0, "percent_covered_display": "100", "missing_lines": 0, "excluded_lines": 0, "percent_statements_covered": 100.0, "percent_statements_covered_display": "100"}, "missing_lines": [], "excluded_lines": []}, "UWHAMSolver.solve": {"executed_lines": [116, 117, 118, 123, 124, 126, 127, 128, 129, 130, 131, 133, 134, 136, 137, 141, 142, 143, 145, 150, 151, 152, 153, 154, 156, 157, 160, 164, 165, 168, 171, 172, 175, 176, 178, 185, 186, 187, 188, 189, 191], "summary": {"covered_lines": 41, "num_statements": 44, "percent_covered": 93.18181818181819, "percent_covered_display": "93", "missing_lines": 3, "excluded_lines": 0, "percent_statements_covered": 93.18181818181819, "percent_statements_covered_display": "93"}, "missing_lines": [173, 177, 180], "excluded_lines": []}, "UWHAMSolver.compute_log_weights": {"executed_lines": [207, 208, 211, 212, 213, 214, 215, 216, 217, 221, 224, 226], "summary": {"covered_lines": 12, "num_statements": 12, "percent_covered": 100.0, "percent_covered_display": "100", "missing_lines": 0, "excluded_lines": 0, "percent_statements_covered": 100.0, "percent_statements_covered_display": "100"}, "missing_lines": [], "excluded_lines": []}, "UWHAMSolver.compute_expectation_at_pH": {"executed_lines": [248, 251, 256, 258], "summary": {"covered_lines": 4, "num_statements": 4, "percent_covered": 100.0, "percent_covered_display": "100", "missing_lines": 0, "excluded_lines": 0, "percent_statements_covered": 100.0, "percent_statements_covered_display": "100"}, "missing_lines": [], "excluded_lines": []}, "UWHAMSolver.get_occupancy_for_resid": {"executed_lines": [262], "summary": {"covered_lines": 1, "num_statements": 1, "percent_covered": 100.0, "percent_covered_display": "100", "missing_lines": 0, "excluded_lines": 0, "percent_statements_covered": 100.0, "percent_statements_covered_display": "100"}, "missing_lines": [], "excluded_lines": []}, "TitrationCurve.__init__": {"executed_lines": [287, 288, 289, 290, 291, 292, 293, 294, 295, 297, 300, 302, 303, 304], "summary": {"covered_lines": 14, "num_statements": 14, "percent_covered": 100.0, "percent_covered_display": "100", "missing_lines": 0, "excluded_lines": 0, "percent_statements_covered": 100.0, "percent_statements_covered_display": "100"}, "missing_lines": [], "excluded_lines": []}, "TitrationCurve.parse_log": {"executed_lines": [317, 319, 321, 324, 325, 326, 328, 329, 331, 332, 338, 342, 343, 344, 345, 346, 348, 349, 350, 352, 353, 359, 363, 367, 369], "summary": {"covered_lines": 25, "num_statements": 25, "percent_covered": 100.0, "percent_covered_display": "100", "missing_lines": 0, "excluded_lines": 0, "percent_statements_covered": 100.0, "percent_statements_covered_display": "100"}, "missing_lines": [], "excluded_lines": []}, "TitrationCurve.prepare": {"executed_lines": [374, 383, 384, 386, 387, 388, 389, 394, 402], "summary": {"covered_lines": 9, "num_statements": 10, "percent_covered": 90.0, "percent_covered_display": "90", "missing_lines": 1, "excluded_lines": 0, "percent_statements_covered": 90.0, "percent_statements_covered_display": "90"}, "missing_lines": [391], "excluded_lines": []}, "TitrationCurve.compute_titrations_curvefit": {"executed_lines": [417, 419, 420, 421, 422, 423, 425, 440, 441, 442, 444, 445, 452, 453, 454, 459, 470], "summary": {"covered_lines": 17, "num_statements": 22, "percent_covered": 77.27272727272727, "percent_covered_display": "77", "missing_lines": 5, "excluded_lines": 0, "percent_statements_covered": 77.27272727272727, "percent_statements_covered_display": "77"}, "missing_lines": [427, 437, 455, 456, 457], "excluded_lines": []}, "TitrationCurve.compute_titrations_weighted": {"executed_lines": [], "summary": {"covered_lines": 0, "num_statements": 29, "percent_covered": 0.0, "percent_covered_display": "0", "missing_lines": 29, "excluded_lines": 0, "percent_statements_covered": 0.0, "percent_statements_covered_display": "0"}, "missing_lines": [482, 484, 485, 486, 487, 488, 489, 491, 492, 502, 507, 508, 509, 510, 512, 515, 516, 517, 519, 521, 522, 531, 532, 533, 534, 535, 536, 538, 549], "excluded_lines": []}, "TitrationCurve.compute_titrations_bootstrap": {"executed_lines": [], "summary": {"covered_lines": 0, "num_statements": 41, "percent_covered": 0.0, "percent_covered_display": "0", "missing_lines": 41, "excluded_lines": 0, "percent_statements_covered": 0.0, "percent_statements_covered_display": "0"}, "missing_lines": [574, 576, 577, 579, 580, 581, 582, 583, 584, 586, 587, 589, 590, 602, 605, 606, 608, 609, 616, 617, 618, 621, 622, 624, 626, 627, 629, 630, 632, 633, 640, 641, 642, 643, 646, 647, 648, 650, 651, 653, 666], "excluded_lines": []}, "TitrationCurve.compute_titrations": {"executed_lines": [], "summary": {"covered_lines": 0, "num_statements": 7, "percent_covered": 0.0, "percent_covered_display": "0", "missing_lines": 7, "excluded_lines": 0, "percent_statements_covered": 0.0, "percent_statements_covered_display": "0"}, "missing_lines": [670, 671, 672, 673, 674, 675, 677], "excluded_lines": []}, "TitrationCurve.postprocess": {"executed_lines": [], "summary": {"covered_lines": 0, "num_statements": 15, "percent_covered": 0.0, "percent_covered_display": "0", "missing_lines": 15, "excluded_lines": 0, "percent_statements_covered": 0.0, "percent_statements_covered_display": "0"}, "missing_lines": [681, 682, 684, 690, 691, 692, 693, 694, 696, 697, 699, 700, 708, 710, 711], "excluded_lines": []}, "TitrationCurve.plot": {"executed_lines": [], "summary": {"covered_lines": 0, "num_statements": 1, "percent_covered": 0.0, "percent_covered_display": "0", "missing_lines": 1, "excluded_lines": 0, "percent_statements_covered": 0.0, "percent_statements_covered_display": "0"}, "missing_lines": [715], "excluded_lines": []}, "TitrationCurve.diagnose_residue": {"executed_lines": [], "summary": {"covered_lines": 0, "num_statements": 25, "percent_covered": 0.0, "percent_covered_display": "0", "missing_lines": 25, "excluded_lines": 0, "percent_statements_covered": 0.0, "percent_statements_covered_display": "0"}, "missing_lines": [733, 735, 736, 737, 740, 741, 743, 745, 756, 757, 758, 759, 760, 761, 762, 763, 764, 765, 767, 768, 769, 770, 771, 772, 774], "excluded_lines": []}, "TitrationCurve.hill_equation": {"executed_lines": [783], "summary": {"covered_lines": 1, "num_statements": 1, "percent_covered": 100.0, "percent_covered_display": "100", "missing_lines": 0, "excluded_lines": 0, "percent_statements_covered": 100.0, "percent_statements_covered_display": "100"}, "missing_lines": [], "excluded_lines": []}, "TitrationCurve.protonation_mapping": {"executed_lines": [788], "summary": {"covered_lines": 1, "num_statements": 1, "percent_covered": 100.0, "percent_covered_display": "100", "missing_lines": 0, "excluded_lines": 0, "percent_statements_covered": 100.0, "percent_statements_covered_display": "100"}, "missing_lines": [], "excluded_lines": []}, "TitrationCurve.canonical_resname": {"executed_lines": [799], "summary": {"covered_lines": 1, "num_statements": 1, "percent_covered": 100.0, "percent_covered_display": "100", "missing_lines": 0, "excluded_lines": 0, "percent_statements_covered": 100.0, "percent_statements_covered_display": "100"}, "missing_lines": [], "excluded_lines": []}, "TitrationCurve.compare_methods": {"executed_lines": [], "summary": {"covered_lines": 0, "num_statements": 7, "percent_covered": 0.0, "percent_covered_display": "0", "missing_lines": 7, "excluded_lines": 0, "percent_statements_covered": 0.0, "percent_statements_covered_display": "0"}, "missing_lines": [821, 822, 825, 832, 837, 838, 840], "excluded_lines": []}, "TitrationAnalyzer.__init__": {"executed_lines": [875, 876, 877, 879, 880, 883, 884, 885, 886, 887, 890, 893, 894, 896], "summary": {"covered_lines": 14, "num_statements": 14, "percent_covered": 100.0, "percent_covered_display": "100", "missing_lines": 0, "excluded_lines": 0, "percent_statements_covered": 100.0, "percent_statements_covered_display": "100"}, "missing_lines": [], "excluded_lines": []}, "TitrationAnalyzer.run": {"executed_lines": [923, 930, 931, 934, 935, 936, 938, 946, 947, 950, 951, 956, 966, 978, 981, 983, 988], "summary": {"covered_lines": 17, "num_statements": 48, "percent_covered": 35.416666666666664, "percent_covered_display": "35", "missing_lines": 31, "excluded_lines": 0, "percent_statements_covered": 35.416666666666664, "percent_statements_covered_display": "35"}, "missing_lines": [924, 925, 926, 927, 939, 940, 941, 942, 943, 948, 949, 952, 953, 957, 958, 959, 960, 961, 962, 963, 967, 968, 969, 970, 973, 974, 975, 979, 984, 985, 986], "excluded_lines": []}, "TitrationAnalyzer._generate_comparison": {"executed_lines": [], "summary": {"covered_lines": 0, "num_statements": 1, "percent_covered": 0.0, "percent_covered_display": "0", "missing_lines": 1, "excluded_lines": 0, "percent_statements_covered": 0.0, "percent_statements_covered_display": "0"}, "missing_lines": [992], "excluded_lines": []}, "TitrationAnalyzer.summary": {"executed_lines": [], "summary": {"covered_lines": 0, "num_statements": 32, "percent_covered": 0.0, "percent_covered_display": "0", "missing_lines": 32, "excluded_lines": 0, "percent_statements_covered": 0.0, "percent_statements_covered_display": "0"}, "missing_lines": [1014, 1015, 1017, 1018, 1022, 1023, 1025, 1026, 1027, 1028, 1029, 1030, 1031, 1033, 1038, 1039, 1040, 1042, 1044, 1046, 1047, 1048, 1049, 1051, 1052, 1053, 1054, 1056, 1057, 1058, 1059, 1061], "excluded_lines": []}, "TitrationAnalyzer.get_results": {"executed_lines": [1072, 1073], "summary": {"covered_lines": 2, "num_statements": 9, "percent_covered": 22.22222222222222, "percent_covered_display": "22", "missing_lines": 7, "excluded_lines": 0, "percent_statements_covered": 22.22222222222222, "percent_statements_covered_display": "22"}, "missing_lines": [1074, 1075, 1076, 1077, 1078, 1079, 1081], "excluded_lines": []}, "TitrationAnalyzer.plot_residue": {"executed_lines": [], "summary": {"covered_lines": 0, "num_statements": 47, "percent_covered": 0.0, "percent_covered_display": "0", "missing_lines": 47, "excluded_lines": 0, "percent_statements_covered": 0.0, "percent_statements_covered_display": "0"}, "missing_lines": [1117, 1118, 1119, 1120, 1122, 1123, 1125, 1126, 1128, 1130, 1133, 1134, 1135, 1136, 1139, 1142, 1143, 1151, 1158, 1159, 1160, 1161, 1162, 1163, 1164, 1165, 1169, 1172, 1173, 1174, 1175, 1176, 1177, 1178, 1179, 1183, 1186, 1187, 1188, 1189, 1190, 1191, 1192, 1194, 1196, 1197, 1199], "excluded_lines": []}, "TitrationAnalyzer.plot_all": {"executed_lines": [], "summary": {"covered_lines": 0, "num_statements": 21, "percent_covered": 0.0, "percent_covered_display": "0", "missing_lines": 21, "excluded_lines": 0, "percent_statements_covered": 0.0, "percent_statements_covered_display": "0"}, "missing_lines": [1228, 1229, 1230, 1231, 1233, 1234, 1236, 1237, 1239, 1240, 1242, 1243, 1245, 1246, 1247, 1249, 1255, 1257, 1258, 1260, 1261], "excluded_lines": []}, "TitrationAnalyzer.plot_summary": {"executed_lines": [], "summary": {"covered_lines": 0, "num_statements": 39, "percent_covered": 0.0, "percent_covered_display": "0", "missing_lines": 39, "excluded_lines": 0, "percent_statements_covered": 0.0, "percent_statements_covered_display": "0"}, "missing_lines": [1275, 1276, 1277, 1278, 1280, 1281, 1283, 1287, 1288, 1290, 1292, 1293, 1294, 1297, 1298, 1299, 1303, 1304, 1305, 1306, 1307, 1308, 1309, 1310, 1312, 1313, 1321, 1322, 1323, 1324, 1326, 1327, 1328, 1329, 1330, 1332, 1334, 1335, 1337], "excluded_lines": []}, "TitrationAnalyzer.save_results": {"executed_lines": [1357, 1358, 1360, 1362, 1373, 1375, 1376, 1377, 1379, 1381, 1383, 1384], "summary": {"covered_lines": 12, "num_statements": 15, "percent_covered": 80.0, "percent_covered_display": "80", "missing_lines": 3, "excluded_lines": 0, "percent_statements_covered": 80.0, "percent_statements_covered_display": "80"}, "missing_lines": [1378, 1380, 1382], "excluded_lines": []}, "TitrationAnalyzer.save_results.save_df": {"executed_lines": [1363, 1364, 1365, 1366, 1371], "summary": {"covered_lines": 5, "num_statements": 9, "percent_covered": 55.55555555555556, "percent_covered_display": "56", "missing_lines": 4, "excluded_lines": 0, "percent_statements_covered": 55.55555555555556, "percent_statements_covered_display": "56"}, "missing_lines": [1367, 1368, 1369, 1370], "excluded_lines": []}, "TitrationAnalyzer.diagnose": {"executed_lines": [], "summary": {"covered_lines": 0, "num_statements": 3, "percent_covered": 0.0, "percent_covered_display": "0", "missing_lines": 3, "excluded_lines": 0, "percent_statements_covered": 0.0, "percent_statements_covered_display": "0"}, "missing_lines": [1388, 1389, 1390], "excluded_lines": []}, "TitrationAnalyzer.recommend_protonation": {"executed_lines": [], "summary": {"covered_lines": 0, "num_statements": 73, "percent_covered": 0.0, "percent_covered_display": "0", "missing_lines": 73, "excluded_lines": 0, "percent_statements_covered": 0.0, "percent_statements_covered_display": "0"}, "missing_lines": [1431, 1432, 1435, 1436, 1437, 1438, 1439, 1442, 1446, 1452, 1457, 1459, 1460, 1461, 1462, 1463, 1466, 1468, 1469, 1470, 1471, 1474, 1475, 1476, 1479, 1480, 1481, 1482, 1483, 1484, 1486, 1488, 1489, 1491, 1494, 1495, 1496, 1497, 1498, 1500, 1502, 1513, 1515, 1516, 1517, 1518, 1521, 1522, 1523, 1525, 1526, 1527, 1528, 1531, 1532, 1533, 1534, 1535, 1536, 1537, 1538, 1539, 1542, 1543, 1544, 1545, 1546, 1551, 1556, 1557, 1558, 1559, 1563], "excluded_lines": []}, "TitrationAnalyzer.get_protonation_string": {"executed_lines": [], "summary": {"covered_lines": 0, "num_statements": 5, "percent_covered": 0.0, "percent_covered_display": "0", "missing_lines": 5, "excluded_lines": 0, "percent_statements_covered": 0.0, "percent_statements_covered_display": "0"}, "missing_lines": [1586, 1592, 1593, 1594, 1596], "excluded_lines": []}, "TitrationAnalyzer.export_protonation_states": {"executed_lines": [], "summary": {"covered_lines": 0, "num_statements": 18, "percent_covered": 0.0, "percent_covered_display": "0", "missing_lines": 18, "excluded_lines": 0, "percent_statements_covered": 0.0, "percent_statements_covered_display": "0"}, "missing_lines": [1623, 1629, 1630, 1632, 1634, 1635, 1636, 1637, 1638, 1640, 1641, 1642, 1643, 1644, 1645, 1646, 1650, 1651], "excluded_lines": []}, "TitrationAnalyzer.plot_protonation_summary": {"executed_lines": [], "summary": {"covered_lines": 0, "num_statements": 40, "percent_covered": 0.0, "percent_covered_display": "0", "missing_lines": 40, "excluded_lines": 0, "percent_statements_covered": 0.0, "percent_statements_covered_display": "0"}, "missing_lines": [1678, 1679, 1680, 1681, 1682, 1684, 1687, 1689, 1692, 1700, 1701, 1702, 1703, 1705, 1707, 1710, 1711, 1712, 1715, 1716, 1717, 1718, 1721, 1722, 1724, 1725, 1726, 1727, 1729, 1730, 1731, 1734, 1736, 1739, 1740, 1741, 1745, 1747, 1748, 1750], "excluded_lines": []}, "TitrationAnalyzer.__repr__": {"executed_lines": [1753, 1754], "summary": {"covered_lines": 2, "num_statements": 2, "percent_covered": 100.0, "percent_covered_display": "100", "missing_lines": 0, "excluded_lines": 0, "percent_statements_covered": 100.0, "percent_statements_covered_display": "100"}, "missing_lines": [], "excluded_lines": []}, "analyze_cph": {"executed_lines": [1785, 1786, 1788, 1799, 1801], "summary": {"covered_lines": 5, "num_statements": 13, "percent_covered": 38.46153846153846, "percent_covered_display": "38", "missing_lines": 8, "excluded_lines": 0, "percent_statements_covered": 38.46153846153846, "percent_statements_covered_display": "38"}, "missing_lines": [1789, 1790, 1791, 1792, 1793, 1794, 1795, 1797], "excluded_lines": []}, "": {"executed_lines": [1, 8, 10, 11, 12, 13, 14, 15, 16, 17, 18, 20, 24, 25, 40, 46, 101, 193, 228, 260, 265, 266, 280, 306, 307, 371, 411, 472, 551, 668, 679, 713, 717, 776, 777, 785, 786, 796, 797, 807, 843, 844, 860, 898, 990, 1001, 1063, 1083, 1201, 1263, 1339, 1386, 1392, 1565, 1598, 1653, 1752, 1757, 1804], "summary": {"covered_lines": 54, "num_statements": 75, "percent_covered": 72.0, "percent_covered_display": "72", "missing_lines": 21, "excluded_lines": 2, "percent_statements_covered": 72.0, "percent_statements_covered_display": "72"}, "missing_lines": [1805, 1808, 1809, 1810, 1833, 1836, 1839, 1842, 1843, 1844, 1845, 1846, 1847, 1850, 1857, 1858, 1861, 1864, 1865, 1869, 1870], "excluded_lines": [20, 21]}}, "classes": {"UWHAMSolver": {"executed_lines": [41, 42, 43, 44, 59, 60, 61, 62, 65, 66, 67, 70, 71, 73, 74, 77, 78, 81, 84, 85, 86, 87, 89, 93, 94, 95, 96, 97, 98, 99, 116, 117, 118, 123, 124, 126, 127, 128, 129, 130, 131, 133, 134, 136, 137, 141, 142, 143, 145, 150, 151, 152, 153, 154, 156, 157, 160, 164, 165, 168, 171, 172, 175, 176, 178, 185, 186, 187, 188, 189, 191, 207, 208, 211, 212, 213, 214, 215, 216, 217, 221, 224, 226, 248, 251, 256, 258, 262], "summary": {"covered_lines": 88, "num_statements": 91, "percent_covered": 96.7032967032967, "percent_covered_display": "97", "missing_lines": 3, "excluded_lines": 0, "percent_statements_covered": 96.7032967032967, "percent_statements_covered_display": "97"}, "missing_lines": [173, 177, 180], "excluded_lines": []}, "TitrationCurve": {"executed_lines": [287, 288, 289, 290, 291, 292, 293, 294, 295, 297, 300, 302, 303, 304, 317, 319, 321, 324, 325, 326, 328, 329, 331, 332, 338, 342, 343, 344, 345, 346, 348, 349, 350, 352, 353, 359, 363, 367, 369, 374, 383, 384, 386, 387, 388, 389, 394, 402, 417, 419, 420, 421, 422, 423, 425, 440, 441, 442, 444, 445, 452, 453, 454, 459, 470, 783, 788, 799], "summary": {"covered_lines": 68, "num_statements": 199, "percent_covered": 34.17085427135678, "percent_covered_display": "34", "missing_lines": 131, "excluded_lines": 0, "percent_statements_covered": 34.17085427135678, "percent_statements_covered_display": "34"}, "missing_lines": [391, 427, 437, 455, 456, 457, 482, 484, 485, 486, 487, 488, 489, 491, 492, 502, 507, 508, 509, 510, 512, 515, 516, 517, 519, 521, 522, 531, 532, 533, 534, 535, 536, 538, 549, 574, 576, 577, 579, 580, 581, 582, 583, 584, 586, 587, 589, 590, 602, 605, 606, 608, 609, 616, 617, 618, 621, 622, 624, 626, 627, 629, 630, 632, 633, 640, 641, 642, 643, 646, 647, 648, 650, 651, 653, 666, 670, 671, 672, 673, 674, 675, 677, 681, 682, 684, 690, 691, 692, 693, 694, 696, 697, 699, 700, 708, 710, 711, 715, 733, 735, 736, 737, 740, 741, 743, 745, 756, 757, 758, 759, 760, 761, 762, 763, 764, 765, 767, 768, 769, 770, 771, 772, 774, 821, 822, 825, 832, 837, 838, 840], "excluded_lines": []}, "TitrationAnalyzer": {"executed_lines": [875, 876, 877, 879, 880, 883, 884, 885, 886, 887, 890, 893, 894, 896, 923, 930, 931, 934, 935, 936, 938, 946, 947, 950, 951, 956, 966, 978, 981, 983, 988, 1072, 1073, 1357, 1358, 1360, 1362, 1363, 1364, 1365, 1366, 1371, 1373, 1375, 1376, 1377, 1379, 1381, 1383, 1384, 1753, 1754], "summary": {"covered_lines": 52, "num_statements": 376, "percent_covered": 13.829787234042554, "percent_covered_display": "14", "missing_lines": 324, "excluded_lines": 0, "percent_statements_covered": 13.829787234042554, "percent_statements_covered_display": "14"}, "missing_lines": [924, 925, 926, 927, 939, 940, 941, 942, 943, 948, 949, 952, 953, 957, 958, 959, 960, 961, 962, 963, 967, 968, 969, 970, 973, 974, 975, 979, 984, 985, 986, 992, 1014, 1015, 1017, 1018, 1022, 1023, 1025, 1026, 1027, 1028, 1029, 1030, 1031, 1033, 1038, 1039, 1040, 1042, 1044, 1046, 1047, 1048, 1049, 1051, 1052, 1053, 1054, 1056, 1057, 1058, 1059, 1061, 1074, 1075, 1076, 1077, 1078, 1079, 1081, 1117, 1118, 1119, 1120, 1122, 1123, 1125, 1126, 1128, 1130, 1133, 1134, 1135, 1136, 1139, 1142, 1143, 1151, 1158, 1159, 1160, 1161, 1162, 1163, 1164, 1165, 1169, 1172, 1173, 1174, 1175, 1176, 1177, 1178, 1179, 1183, 1186, 1187, 1188, 1189, 1190, 1191, 1192, 1194, 1196, 1197, 1199, 1228, 1229, 1230, 1231, 1233, 1234, 1236, 1237, 1239, 1240, 1242, 1243, 1245, 1246, 1247, 1249, 1255, 1257, 1258, 1260, 1261, 1275, 1276, 1277, 1278, 1280, 1281, 1283, 1287, 1288, 1290, 1292, 1293, 1294, 1297, 1298, 1299, 1303, 1304, 1305, 1306, 1307, 1308, 1309, 1310, 1312, 1313, 1321, 1322, 1323, 1324, 1326, 1327, 1328, 1329, 1330, 1332, 1334, 1335, 1337, 1367, 1368, 1369, 1370, 1378, 1380, 1382, 1388, 1389, 1390, 1431, 1432, 1435, 1436, 1437, 1438, 1439, 1442, 1446, 1452, 1457, 1459, 1460, 1461, 1462, 1463, 1466, 1468, 1469, 1470, 1471, 1474, 1475, 1476, 1479, 1480, 1481, 1482, 1483, 1484, 1486, 1488, 1489, 1491, 1494, 1495, 1496, 1497, 1498, 1500, 1502, 1513, 1515, 1516, 1517, 1518, 1521, 1522, 1523, 1525, 1526, 1527, 1528, 1531, 1532, 1533, 1534, 1535, 1536, 1537, 1538, 1539, 1542, 1543, 1544, 1545, 1546, 1551, 1556, 1557, 1558, 1559, 1563, 1586, 1592, 1593, 1594, 1596, 1623, 1629, 1630, 1632, 1634, 1635, 1636, 1637, 1638, 1640, 1641, 1642, 1643, 1644, 1645, 1646, 1650, 1651, 1678, 1679, 1680, 1681, 1682, 1684, 1687, 1689, 1692, 1700, 1701, 1702, 1703, 1705, 1707, 1710, 1711, 1712, 1715, 1716, 1717, 1718, 1721, 1722, 1724, 1725, 1726, 1727, 1729, 1730, 1731, 1734, 1736, 1739, 1740, 1741, 1745, 1747, 1748, 1750], "excluded_lines": []}, "": {"executed_lines": [1, 8, 10, 11, 12, 13, 14, 15, 16, 17, 18, 20, 24, 25, 40, 46, 101, 193, 228, 260, 265, 266, 280, 306, 307, 371, 411, 472, 551, 668, 679, 713, 717, 776, 777, 785, 786, 796, 797, 807, 843, 844, 860, 898, 990, 1001, 1063, 1083, 1201, 1263, 1339, 1386, 1392, 1565, 1598, 1653, 1752, 1757, 1785, 1786, 1788, 1799, 1801, 1804], "summary": {"covered_lines": 59, "num_statements": 88, "percent_covered": 67.04545454545455, "percent_covered_display": "67", "missing_lines": 29, "excluded_lines": 2, "percent_statements_covered": 67.04545454545455, "percent_statements_covered_display": "67"}, "missing_lines": [1789, 1790, 1791, 1792, 1793, 1794, 1795, 1797, 1805, 1808, 1809, 1810, 1833, 1836, 1839, 1842, 1843, 1844, 1845, 1846, 1847, 1850, 1857, 1858, 1861, 1864, 1865, 1869, 1870], "excluded_lines": [20, 21]}}}, "src/molecular_simulations/analysis/cov_ppi.py": {"executed_lines": [1, 8, 9, 10, 11, 12, 13, 14, 15, 16, 17, 18, 20, 21, 22, 25, 26, 63, 93, 94, 95, 96, 97, 98, 99, 100, 101, 102, 103, 105, 129, 167, 227, 241, 242, 243, 245, 246, 248, 250, 263, 264, 266, 267, 268, 269, 270, 271, 272, 273, 274, 276, 277, 278, 279, 280, 281, 282, 283, 285, 287, 304, 325, 326, 327, 329, 330, 331, 332, 333, 334, 336, 338, 387, 413, 430, 431, 433, 434, 435, 437, 438, 439, 441, 442, 443, 444, 445, 447, 449, 490, 508, 509, 510, 511, 512, 514, 515, 516, 517, 519, 520, 522, 523, 527, 533, 534, 536, 566, 579, 580, 581, 582, 583, 591, 593, 595], "summary": {"covered_lines": 115, "num_statements": 237, "percent_covered": 48.52320675105485, "percent_covered_display": "49", "missing_lines": 122, "excluded_lines": 0, "percent_statements_covered": 48.52320675105485, "percent_statements_covered_display": "49"}, "missing_lines": [112, 113, 115, 116, 117, 118, 120, 121, 122, 124, 126, 127, 150, 151, 152, 153, 154, 156, 157, 162, 163, 165, 183, 184, 186, 187, 189, 191, 192, 194, 195, 196, 198, 199, 201, 203, 204, 205, 207, 208, 210, 211, 212, 214, 216, 217, 218, 219, 220, 221, 222, 223, 225, 354, 355, 356, 357, 358, 359, 360, 361, 362, 363, 364, 365, 367, 369, 370, 371, 372, 374, 375, 376, 377, 379, 380, 381, 382, 383, 385, 405, 407, 408, 409, 411, 468, 469, 471, 472, 473, 474, 475, 477, 478, 479, 480, 481, 483, 484, 485, 486, 488, 525, 546, 548, 549, 550, 551, 552, 556, 557, 558, 560, 610, 612, 614, 615, 616, 617, 618, 620, 621], "excluded_lines": [], "functions": {"PPInteractions.__init__": {"executed_lines": [93, 94, 95, 96, 97, 98, 99, 100, 101, 102, 103], "summary": {"covered_lines": 11, "num_statements": 11, "percent_covered": 100.0, "percent_covered_display": "100", "missing_lines": 0, "excluded_lines": 0, "percent_statements_covered": 100.0, "percent_statements_covered_display": "100"}, "missing_lines": [], "excluded_lines": []}, "PPInteractions.run": {"executed_lines": [], "summary": {"covered_lines": 0, "num_statements": 12, "percent_covered": 0.0, "percent_covered_display": "0", "missing_lines": 12, "excluded_lines": 0, "percent_statements_covered": 0.0, "percent_statements_covered_display": "0"}, "missing_lines": [112, 113, 115, 116, 117, 118, 120, 121, 122, 124, 126, 127], "excluded_lines": []}, "PPInteractions.compute_interactions": {"executed_lines": [], "summary": {"covered_lines": 0, "num_statements": 10, "percent_covered": 0.0, "percent_covered_display": "0", "missing_lines": 10, "excluded_lines": 0, "percent_statements_covered": 0.0, "percent_statements_covered_display": "0"}, "missing_lines": [150, 151, 152, 153, 154, 156, 157, 162, 163, 165], "excluded_lines": []}, "PPInteractions.get_covariance": {"executed_lines": [], "summary": {"covered_lines": 0, "num_statements": 31, "percent_covered": 0.0, "percent_covered_display": "0", "missing_lines": 31, "excluded_lines": 0, "percent_statements_covered": 0.0, "percent_statements_covered_display": "0"}, "missing_lines": [183, 184, 186, 187, 189, 191, 192, 194, 195, 196, 198, 199, 201, 203, 204, 205, 207, 208, 210, 211, 212, 214, 216, 217, 218, 219, 220, 221, 222, 223, 225], "excluded_lines": []}, "PPInteractions.res_map": {"executed_lines": [241, 242, 243, 245, 246, 248], "summary": {"covered_lines": 6, "num_statements": 6, "percent_covered": 100.0, "percent_covered_display": "100", "missing_lines": 0, "excluded_lines": 0, "percent_statements_covered": 100.0, "percent_statements_covered_display": "100"}, "missing_lines": [], "excluded_lines": []}, "PPInteractions.interpret_covariance": {"executed_lines": [263, 264, 266, 267, 268, 269, 270, 271, 272, 273, 274, 276, 277, 278, 279, 280, 281, 282, 283, 285], "summary": {"covered_lines": 20, "num_statements": 20, "percent_covered": 100.0, "percent_covered_display": "100", "missing_lines": 0, "excluded_lines": 0, "percent_statements_covered": 100.0, "percent_statements_covered_display": "100"}, "missing_lines": [], "excluded_lines": []}, "PPInteractions.identify_interaction_type": {"executed_lines": [304, 325, 326, 327, 329, 330, 331, 332, 333, 334, 336], "summary": {"covered_lines": 11, "num_statements": 11, "percent_covered": 100.0, "percent_covered_display": "100", "missing_lines": 0, "excluded_lines": 0, "percent_statements_covered": 100.0, "percent_statements_covered_display": "100"}, "missing_lines": [], "excluded_lines": []}, "PPInteractions.analyze_saltbridge": {"executed_lines": [], "summary": {"covered_lines": 0, "num_statements": 27, "percent_covered": 0.0, "percent_covered_display": "0", "missing_lines": 27, "excluded_lines": 0, "percent_statements_covered": 0.0, "percent_statements_covered_display": "0"}, "missing_lines": [354, 355, 356, 357, 358, 359, 360, 361, 362, 363, 364, 365, 367, 369, 370, 371, 372, 374, 375, 376, 377, 379, 380, 381, 382, 383, 385], "excluded_lines": []}, "PPInteractions.analyze_hbond": {"executed_lines": [], "summary": {"covered_lines": 0, "num_statements": 5, "percent_covered": 0.0, "percent_covered_display": "0", "missing_lines": 5, "excluded_lines": 0, "percent_statements_covered": 0.0, "percent_statements_covered_display": "0"}, "missing_lines": [405, 407, 408, 409, 411], "excluded_lines": []}, "PPInteractions.analyze_hydrophobic": {"executed_lines": [430, 431, 433, 434, 435, 437, 438, 439, 441, 442, 443, 444, 445, 447], "summary": {"covered_lines": 14, "num_statements": 14, "percent_covered": 100.0, "percent_covered_display": "100", "missing_lines": 0, "excluded_lines": 0, "percent_statements_covered": 100.0, "percent_statements_covered_display": "100"}, "missing_lines": [], "excluded_lines": []}, "PPInteractions.survey_donors_acceptors": {"executed_lines": [], "summary": {"covered_lines": 0, "num_statements": 17, "percent_covered": 0.0, "percent_covered_display": "0", "missing_lines": 17, "excluded_lines": 0, "percent_statements_covered": 0.0, "percent_statements_covered_display": "0"}, "missing_lines": [468, 469, 471, 472, 473, 474, 475, 477, 478, 479, 480, 481, 483, 484, 485, 486, 488], "excluded_lines": []}, "PPInteractions.evaluate_hbond": {"executed_lines": [508, 509, 510, 511, 512, 514, 515, 516, 517, 519, 520, 522, 523], "summary": {"covered_lines": 13, "num_statements": 14, "percent_covered": 92.85714285714286, "percent_covered_display": "93", "missing_lines": 1, "excluded_lines": 0, "percent_statements_covered": 92.85714285714286, "percent_statements_covered_display": "93"}, "missing_lines": [525], "excluded_lines": []}, "PPInteractions.save": {"executed_lines": [533, 534], "summary": {"covered_lines": 2, "num_statements": 2, "percent_covered": 100.0, "percent_covered_display": "100", "missing_lines": 0, "excluded_lines": 0, "percent_statements_covered": 100.0, "percent_statements_covered_display": "100"}, "missing_lines": [], "excluded_lines": []}, "PPInteractions.plot_results": {"executed_lines": [], "summary": {"covered_lines": 0, "num_statements": 10, "percent_covered": 0.0, "percent_covered_display": "0", "missing_lines": 10, "excluded_lines": 0, "percent_statements_covered": 0.0, "percent_statements_covered_display": "0"}, "missing_lines": [546, 548, 549, 550, 551, 552, 556, 557, 558, 560], "excluded_lines": []}, "PPInteractions.parse_results": {"executed_lines": [579, 580, 581, 582, 583, 591, 593], "summary": {"covered_lines": 7, "num_statements": 7, "percent_covered": 100.0, "percent_covered_display": "100", "missing_lines": 0, "excluded_lines": 0, "percent_statements_covered": 100.0, "percent_statements_covered_display": "100"}, "missing_lines": [], "excluded_lines": []}, "PPInteractions.make_plot": {"executed_lines": [], "summary": {"covered_lines": 0, "num_statements": 9, "percent_covered": 0.0, "percent_covered_display": "0", "missing_lines": 9, "excluded_lines": 0, "percent_statements_covered": 0.0, "percent_statements_covered_display": "0"}, "missing_lines": [610, 612, 614, 615, 616, 617, 618, 620, 621], "excluded_lines": []}, "": {"executed_lines": [1, 8, 9, 10, 11, 12, 13, 14, 15, 16, 17, 18, 20, 21, 22, 25, 26, 63, 105, 129, 167, 227, 250, 287, 338, 387, 413, 449, 490, 527, 536, 566, 595], "summary": {"covered_lines": 31, "num_statements": 31, "percent_covered": 100.0, "percent_covered_display": "100", "missing_lines": 0, "excluded_lines": 0, "percent_statements_covered": 100.0, "percent_statements_covered_display": "100"}, "missing_lines": [], "excluded_lines": []}}, "classes": {"PPInteractions": {"executed_lines": [93, 94, 95, 96, 97, 98, 99, 100, 101, 102, 103, 241, 242, 243, 245, 246, 248, 263, 264, 266, 267, 268, 269, 270, 271, 272, 273, 274, 276, 277, 278, 279, 280, 281, 282, 283, 285, 304, 325, 326, 327, 329, 330, 331, 332, 333, 334, 336, 430, 431, 433, 434, 435, 437, 438, 439, 441, 442, 443, 444, 445, 447, 508, 509, 510, 511, 512, 514, 515, 516, 517, 519, 520, 522, 523, 533, 534, 579, 580, 581, 582, 583, 591, 593], "summary": {"covered_lines": 84, "num_statements": 206, "percent_covered": 40.77669902912621, "percent_covered_display": "41", "missing_lines": 122, "excluded_lines": 0, "percent_statements_covered": 40.77669902912621, "percent_statements_covered_display": "41"}, "missing_lines": [112, 113, 115, 116, 117, 118, 120, 121, 122, 124, 126, 127, 150, 151, 152, 153, 154, 156, 157, 162, 163, 165, 183, 184, 186, 187, 189, 191, 192, 194, 195, 196, 198, 199, 201, 203, 204, 205, 207, 208, 210, 211, 212, 214, 216, 217, 218, 219, 220, 221, 222, 223, 225, 354, 355, 356, 357, 358, 359, 360, 361, 362, 363, 364, 365, 367, 369, 370, 371, 372, 374, 375, 376, 377, 379, 380, 381, 382, 383, 385, 405, 407, 408, 409, 411, 468, 469, 471, 472, 473, 474, 475, 477, 478, 479, 480, 481, 483, 484, 485, 486, 488, 525, 546, 548, 549, 550, 551, 552, 556, 557, 558, 560, 610, 612, 614, 615, 616, 617, 618, 620, 621], "excluded_lines": []}, "": {"executed_lines": [1, 8, 9, 10, 11, 12, 13, 14, 15, 16, 17, 18, 20, 21, 22, 25, 26, 63, 105, 129, 167, 227, 250, 287, 338, 387, 413, 449, 490, 527, 536, 566, 595], "summary": {"covered_lines": 31, "num_statements": 31, "percent_covered": 100.0, "percent_covered_display": "100", "missing_lines": 0, "excluded_lines": 0, "percent_statements_covered": 100.0, "percent_statements_covered_display": "100"}, "missing_lines": [], "excluded_lines": []}}}, "src/molecular_simulations/analysis/fingerprinter.py": {"executed_lines": [1, 8, 9, 10, 11, 12, 13, 14, 16, 17, 20, 21, 42, 43, 68, 69, 85, 86, 126, 127, 157, 158, 194, 195, 228, 229, 276, 277, 309, 328, 329, 330, 332, 335, 337, 338, 340, 342, 343, 347, 370, 377, 380, 381, 387, 389, 403, 420, 447, 459], "summary": {"covered_lines": 48, "num_statements": 141, "percent_covered": 34.04255319148936, "percent_covered_display": "34", "missing_lines": 93, "excluded_lines": 0, "percent_statements_covered": 34.04255319148936, "percent_statements_covered_display": "34"}, "missing_lines": [35, 36, 37, 38, 39, 56, 57, 58, 59, 60, 61, 62, 63, 64, 65, 80, 81, 82, 111, 113, 114, 116, 117, 118, 119, 121, 122, 123, 143, 144, 146, 147, 148, 149, 154, 179, 180, 183, 184, 187, 188, 189, 190, 191, 215, 216, 217, 218, 219, 220, 225, 256, 257, 258, 259, 260, 261, 266, 273, 333, 345, 353, 355, 360, 361, 362, 364, 365, 366, 367, 368, 378, 382, 383, 385, 395, 396, 397, 399, 400, 401, 409, 413, 417, 418, 427, 429, 438, 454, 455, 456, 457, 465], "excluded_lines": [], "functions": {"unravel_index": {"executed_lines": [], "summary": {"covered_lines": 0, "num_statements": 5, "percent_covered": 0.0, "percent_covered_display": "0", "missing_lines": 5, "excluded_lines": 0, "percent_statements_covered": 0.0, "percent_statements_covered_display": "0"}, "missing_lines": [35, 36, 37, 38, 39], "excluded_lines": []}, "_dist_mat": {"executed_lines": [], "summary": {"covered_lines": 0, "num_statements": 10, "percent_covered": 0.0, "percent_covered_display": "0", "missing_lines": 10, "excluded_lines": 0, "percent_statements_covered": 0.0, "percent_statements_covered_display": "0"}, "missing_lines": [56, 57, 58, 59, 60, 61, 62, 63, 64, 65], "excluded_lines": []}, "dist_mat": {"executed_lines": [], "summary": {"covered_lines": 0, "num_statements": 3, "percent_covered": 0.0, "percent_covered_display": "0", "missing_lines": 3, "excluded_lines": 0, "percent_statements_covered": 0.0, "percent_statements_covered_display": "0"}, "missing_lines": [80, 81, 82], "excluded_lines": []}, "electrostatic": {"executed_lines": [], "summary": {"covered_lines": 0, "num_statements": 10, "percent_covered": 0.0, "percent_covered_display": "0", "missing_lines": 10, "excluded_lines": 0, "percent_statements_covered": 0.0, "percent_statements_covered_display": "0"}, "missing_lines": [111, 113, 114, 116, 117, 118, 119, 121, 122, 123], "excluded_lines": []}, "electrostatic_sum": {"executed_lines": [], "summary": {"covered_lines": 0, "num_statements": 7, "percent_covered": 0.0, "percent_covered_display": "0", "missing_lines": 7, "excluded_lines": 0, "percent_statements_covered": 0.0, "percent_statements_covered_display": "0"}, "missing_lines": [143, 144, 146, 147, 148, 149, 154], "excluded_lines": []}, "lennard_jones": {"executed_lines": [], "summary": {"covered_lines": 0, "num_statements": 9, "percent_covered": 0.0, "percent_covered_display": "0", "missing_lines": 9, "excluded_lines": 0, "percent_statements_covered": 0.0, "percent_statements_covered_display": "0"}, "missing_lines": [179, 180, 183, 184, 187, 188, 189, 190, 191], "excluded_lines": []}, "lennard_jones_sum": {"executed_lines": [], "summary": {"covered_lines": 0, "num_statements": 7, "percent_covered": 0.0, "percent_covered_display": "0", "missing_lines": 7, "excluded_lines": 0, "percent_statements_covered": 0.0, "percent_statements_covered_display": "0"}, "missing_lines": [215, 216, 217, 218, 219, 220, 225], "excluded_lines": []}, "fingerprints": {"executed_lines": [], "summary": {"covered_lines": 0, "num_statements": 8, "percent_covered": 0.0, "percent_covered_display": "0", "missing_lines": 8, "excluded_lines": 0, "percent_statements_covered": 0.0, "percent_statements_covered_display": "0"}, "missing_lines": [256, 257, 258, 259, 260, 261, 266, 273], "excluded_lines": []}, "Fingerprinter.__init__": {"executed_lines": [328, 329, 330, 332, 335, 337, 338, 340, 342, 343], "summary": {"covered_lines": 10, "num_statements": 12, "percent_covered": 83.33333333333333, "percent_covered_display": "83", "missing_lines": 2, "excluded_lines": 0, "percent_statements_covered": 83.33333333333333, "percent_statements_covered_display": "83"}, "missing_lines": [333, 345], "excluded_lines": []}, "Fingerprinter.assign_nonbonded_params": {"executed_lines": [], "summary": {"covered_lines": 0, "num_statements": 10, "percent_covered": 0.0, "percent_covered_display": "0", "missing_lines": 10, "excluded_lines": 0, "percent_statements_covered": 0.0, "percent_statements_covered_display": "0"}, "missing_lines": [353, 355, 360, 361, 362, 364, 365, 366, 367, 368], "excluded_lines": []}, "Fingerprinter.load_pdb": {"executed_lines": [377, 380, 381, 387], "summary": {"covered_lines": 4, "num_statements": 8, "percent_covered": 50.0, "percent_covered_display": "50", "missing_lines": 4, "excluded_lines": 0, "percent_statements_covered": 50.0, "percent_statements_covered_display": "50"}, "missing_lines": [378, 382, 383, 385], "excluded_lines": []}, "Fingerprinter.assign_residue_mapping": {"executed_lines": [], "summary": {"covered_lines": 0, "num_statements": 6, "percent_covered": 0.0, "percent_covered_display": "0", "missing_lines": 6, "excluded_lines": 0, "percent_statements_covered": 0.0, "percent_statements_covered_display": "0"}, "missing_lines": [395, 396, 397, 399, 400, 401], "excluded_lines": []}, "Fingerprinter.iterate_frames": {"executed_lines": [], "summary": {"covered_lines": 0, "num_statements": 4, "percent_covered": 0.0, "percent_covered_display": "0", "missing_lines": 4, "excluded_lines": 0, "percent_statements_covered": 0.0, "percent_statements_covered_display": "0"}, "missing_lines": [409, 413, 417, 418], "excluded_lines": []}, "Fingerprinter.calculate_fingerprints": {"executed_lines": [], "summary": {"covered_lines": 0, "num_statements": 3, "percent_covered": 0.0, "percent_covered_display": "0", "missing_lines": 3, "excluded_lines": 0, "percent_statements_covered": 0.0, "percent_statements_covered_display": "0"}, "missing_lines": [427, 429, 438], "excluded_lines": []}, "Fingerprinter.run": {"executed_lines": [], "summary": {"covered_lines": 0, "num_statements": 4, "percent_covered": 0.0, "percent_covered_display": "0", "missing_lines": 4, "excluded_lines": 0, "percent_statements_covered": 0.0, "percent_statements_covered_display": "0"}, "missing_lines": [454, 455, 456, 457], "excluded_lines": []}, "Fingerprinter.save": {"executed_lines": [], "summary": {"covered_lines": 0, "num_statements": 1, "percent_covered": 0.0, "percent_covered_display": "0", "missing_lines": 1, "excluded_lines": 0, "percent_statements_covered": 0.0, "percent_statements_covered_display": "0"}, "missing_lines": [465], "excluded_lines": []}, "": {"executed_lines": [1, 8, 9, 10, 11, 12, 13, 14, 16, 17, 20, 21, 42, 43, 68, 69, 85, 86, 126, 127, 157, 158, 194, 195, 228, 229, 276, 277, 309, 347, 370, 389, 403, 420, 447, 459], "summary": {"covered_lines": 34, "num_statements": 34, "percent_covered": 100.0, "percent_covered_display": "100", "missing_lines": 0, "excluded_lines": 0, "percent_statements_covered": 100.0, "percent_statements_covered_display": "100"}, "missing_lines": [], "excluded_lines": []}}, "classes": {"Fingerprinter": {"executed_lines": [328, 329, 330, 332, 335, 337, 338, 340, 342, 343, 377, 380, 381, 387], "summary": {"covered_lines": 14, "num_statements": 48, "percent_covered": 29.166666666666668, "percent_covered_display": "29", "missing_lines": 34, "excluded_lines": 0, "percent_statements_covered": 29.166666666666668, "percent_statements_covered_display": "29"}, "missing_lines": [333, 345, 353, 355, 360, 361, 362, 364, 365, 366, 367, 368, 378, 382, 383, 385, 395, 396, 397, 399, 400, 401, 409, 413, 417, 418, 427, 429, 438, 454, 455, 456, 457, 465], "excluded_lines": []}, "": {"executed_lines": [1, 8, 9, 10, 11, 12, 13, 14, 16, 17, 20, 21, 42, 43, 68, 69, 85, 86, 126, 127, 157, 158, 194, 195, 228, 229, 276, 277, 309, 347, 370, 389, 403, 420, 447, 459], "summary": {"covered_lines": 34, "num_statements": 93, "percent_covered": 36.55913978494624, "percent_covered_display": "37", "missing_lines": 59, "excluded_lines": 0, "percent_statements_covered": 36.55913978494624, "percent_statements_covered_display": "37"}, "missing_lines": [35, 36, 37, 38, 39, 56, 57, 58, 59, 60, 61, 62, 63, 64, 65, 80, 81, 82, 111, 113, 114, 116, 117, 118, 119, 121, 122, 123, 143, 144, 146, 147, 148, 149, 154, 179, 180, 183, 184, 187, 188, 189, 190, 191, 215, 216, 217, 218, 219, 220, 225, 256, 257, 258, 259, 260, 261, 266, 273], "excluded_lines": []}}}, "src/molecular_simulations/analysis/interaction_energy.py": {"executed_lines": [1, 8, 9, 10, 11, 12, 13, 14, 15, 16, 17, 18, 19, 20, 21, 22, 23, 25, 28, 29, 34, 38, 39, 46, 47, 54, 55, 63, 64, 96, 113, 114, 115, 116, 117, 119, 150, 217, 226, 227, 232, 233, 239, 240, 247, 254, 256, 265, 266, 267, 268, 269, 271, 273, 274, 280, 282, 283, 302, 303, 304, 305, 306, 309, 310, 330, 349, 350, 351, 353, 362, 363, 366, 367, 396, 419, 420, 421, 422, 423, 424, 426, 431, 455, 469, 470, 471, 472, 473, 478, 479, 480, 481, 487, 491, 501, 503], "summary": {"covered_lines": 92, "num_statements": 158, "percent_covered": 58.22784810126582, "percent_covered_display": "58", "missing_lines": 66, "excluded_lines": 0, "percent_statements_covered": 58.22784810126582, "percent_statements_covered_display": "58"}, "missing_lines": [36, 44, 52, 60, 128, 129, 130, 131, 132, 137, 138, 139, 145, 146, 148, 160, 161, 163, 164, 165, 167, 168, 169, 170, 171, 172, 173, 175, 176, 177, 178, 179, 182, 186, 189, 193, 194, 195, 198, 200, 201, 202, 204, 205, 206, 207, 208, 209, 211, 212, 214, 215, 437, 438, 440, 441, 443, 444, 445, 446, 447, 449, 450, 452, 453, 505], "excluded_lines": [], "functions": {"InteractionEnergy.__init__": {"executed_lines": [], "summary": {"covered_lines": 0, "num_statements": 1, "percent_covered": 0.0, "percent_covered_display": "0", "missing_lines": 1, "excluded_lines": 0, "percent_statements_covered": 0.0, "percent_statements_covered_display": "0"}, "missing_lines": [36], "excluded_lines": []}, "InteractionEnergy.compute": {"executed_lines": [], "summary": {"covered_lines": 0, "num_statements": 1, "percent_covered": 0.0, "percent_covered_display": "0", "missing_lines": 1, "excluded_lines": 0, "percent_statements_covered": 0.0, "percent_statements_covered_display": "0"}, "missing_lines": [44], "excluded_lines": []}, "InteractionEnergy.energy": {"executed_lines": [], "summary": {"covered_lines": 0, "num_statements": 1, "percent_covered": 0.0, "percent_covered_display": "0", "missing_lines": 1, "excluded_lines": 0, "percent_statements_covered": 0.0, "percent_statements_covered_display": "0"}, "missing_lines": [52], "excluded_lines": []}, "InteractionEnergy.get_selection": {"executed_lines": [], "summary": {"covered_lines": 0, "num_statements": 1, "percent_covered": 0.0, "percent_covered_display": "0", "missing_lines": 1, "excluded_lines": 0, "percent_statements_covered": 0.0, "percent_statements_covered_display": "0"}, "missing_lines": [60], "excluded_lines": []}, "StaticInteractionEnergy.__init__": {"executed_lines": [113, 114, 115, 116, 117], "summary": {"covered_lines": 5, "num_statements": 5, "percent_covered": 100.0, "percent_covered_display": "100", "missing_lines": 0, "excluded_lines": 0, "percent_statements_covered": 100.0, "percent_statements_covered_display": "100"}, "missing_lines": [], "excluded_lines": []}, "StaticInteractionEnergy.get_system": {"executed_lines": [], "summary": {"covered_lines": 0, "num_statements": 11, "percent_covered": 0.0, "percent_covered_display": "0", "missing_lines": 11, "excluded_lines": 0, "percent_statements_covered": 0.0, "percent_statements_covered_display": "0"}, "missing_lines": [128, 129, 130, 131, 132, 137, 138, 139, 145, 146, 148], "excluded_lines": []}, "StaticInteractionEnergy.compute": {"executed_lines": [], "summary": {"covered_lines": 0, "num_statements": 37, "percent_covered": 0.0, "percent_covered_display": "0", "missing_lines": 37, "excluded_lines": 0, "percent_statements_covered": 0.0, "percent_statements_covered_display": "0"}, "missing_lines": [160, 161, 163, 164, 165, 167, 168, 169, 170, 171, 172, 173, 175, 176, 177, 178, 179, 182, 186, 189, 193, 194, 195, 198, 200, 201, 202, 204, 205, 206, 207, 208, 209, 211, 212, 214, 215], "excluded_lines": []}, "StaticInteractionEnergy.get_selection": {"executed_lines": [226, 227, 232, 233, 239, 240, 247, 254], "summary": {"covered_lines": 8, "num_statements": 8, "percent_covered": 100.0, "percent_covered_display": "100", "missing_lines": 0, "excluded_lines": 0, "percent_statements_covered": 100.0, "percent_statements_covered_display": "100"}, "missing_lines": [], "excluded_lines": []}, "StaticInteractionEnergy.fix_pdb": {"executed_lines": [265, 266, 267, 268, 269, 271], "summary": {"covered_lines": 6, "num_statements": 6, "percent_covered": 100.0, "percent_covered_display": "100", "missing_lines": 0, "excluded_lines": 0, "percent_statements_covered": 100.0, "percent_statements_covered_display": "100"}, "missing_lines": [], "excluded_lines": []}, "StaticInteractionEnergy.interactions": {"executed_lines": [280], "summary": {"covered_lines": 1, "num_statements": 1, "percent_covered": 100.0, "percent_covered_display": "100", "missing_lines": 0, "excluded_lines": 0, "percent_statements_covered": 100.0, "percent_statements_covered_display": "100"}, "missing_lines": [], "excluded_lines": []}, "StaticInteractionEnergy.energy": {"executed_lines": [302, 303, 304, 305, 306], "summary": {"covered_lines": 5, "num_statements": 5, "percent_covered": 100.0, "percent_covered_display": "100", "missing_lines": 0, "excluded_lines": 0, "percent_statements_covered": 100.0, "percent_statements_covered_display": "100"}, "missing_lines": [], "excluded_lines": []}, "InteractionEnergyFrame.__init__": {"executed_lines": [349, 350, 351], "summary": {"covered_lines": 3, "num_statements": 3, "percent_covered": 100.0, "percent_covered_display": "100", "missing_lines": 0, "excluded_lines": 0, "percent_statements_covered": 100.0, "percent_statements_covered_display": "100"}, "missing_lines": [], "excluded_lines": []}, "InteractionEnergyFrame.get_system": {"executed_lines": [362, 363], "summary": {"covered_lines": 2, "num_statements": 2, "percent_covered": 100.0, "percent_covered_display": "100", "missing_lines": 0, "excluded_lines": 0, "percent_statements_covered": 100.0, "percent_statements_covered_display": "100"}, "missing_lines": [], "excluded_lines": []}, "DynamicInteractionEnergy.__init__": {"executed_lines": [419, 420, 421, 422, 423, 424, 426], "summary": {"covered_lines": 7, "num_statements": 7, "percent_covered": 100.0, "percent_covered_display": "100", "missing_lines": 0, "excluded_lines": 0, "percent_statements_covered": 100.0, "percent_statements_covered_display": "100"}, "missing_lines": [], "excluded_lines": []}, "DynamicInteractionEnergy.compute_energies": {"executed_lines": [], "summary": {"covered_lines": 0, "num_statements": 13, "percent_covered": 0.0, "percent_covered_display": "0", "missing_lines": 13, "excluded_lines": 0, "percent_statements_covered": 0.0, "percent_statements_covered_display": "0"}, "missing_lines": [437, 438, 440, 441, 443, 444, 445, 446, 447, 449, 450, 452, 453], "excluded_lines": []}, "DynamicInteractionEnergy.build_system": {"executed_lines": [469, 470, 471, 472, 473, 478, 479, 480, 481, 487], "summary": {"covered_lines": 10, "num_statements": 10, "percent_covered": 100.0, "percent_covered_display": "100", "missing_lines": 0, "excluded_lines": 0, "percent_statements_covered": 100.0, "percent_statements_covered_display": "100"}, "missing_lines": [], "excluded_lines": []}, "DynamicInteractionEnergy.load_traj": {"executed_lines": [501], "summary": {"covered_lines": 1, "num_statements": 1, "percent_covered": 100.0, "percent_covered_display": "100", "missing_lines": 0, "excluded_lines": 0, "percent_statements_covered": 100.0, "percent_statements_covered_display": "100"}, "missing_lines": [], "excluded_lines": []}, "DynamicInteractionEnergy.setup_pbar": {"executed_lines": [], "summary": {"covered_lines": 0, "num_statements": 1, "percent_covered": 0.0, "percent_covered_display": "0", "missing_lines": 1, "excluded_lines": 0, "percent_statements_covered": 0.0, "percent_statements_covered_display": "0"}, "missing_lines": [505], "excluded_lines": []}, "": {"executed_lines": [1, 8, 9, 10, 11, 12, 13, 14, 15, 16, 17, 18, 19, 20, 21, 22, 23, 25, 28, 29, 34, 38, 39, 46, 47, 54, 55, 63, 64, 96, 119, 150, 217, 256, 273, 274, 282, 283, 309, 310, 330, 353, 366, 367, 396, 431, 455, 491, 503], "summary": {"covered_lines": 44, "num_statements": 44, "percent_covered": 100.0, "percent_covered_display": "100", "missing_lines": 0, "excluded_lines": 0, "percent_statements_covered": 100.0, "percent_statements_covered_display": "100"}, "missing_lines": [], "excluded_lines": []}}, "classes": {"InteractionEnergy": {"executed_lines": [], "summary": {"covered_lines": 0, "num_statements": 4, "percent_covered": 0.0, "percent_covered_display": "0", "missing_lines": 4, "excluded_lines": 0, "percent_statements_covered": 0.0, "percent_statements_covered_display": "0"}, "missing_lines": [36, 44, 52, 60], "excluded_lines": []}, "StaticInteractionEnergy": {"executed_lines": [113, 114, 115, 116, 117, 226, 227, 232, 233, 239, 240, 247, 254, 265, 266, 267, 268, 269, 271, 280, 302, 303, 304, 305, 306], "summary": {"covered_lines": 25, "num_statements": 73, "percent_covered": 34.24657534246575, "percent_covered_display": "34", "missing_lines": 48, "excluded_lines": 0, "percent_statements_covered": 34.24657534246575, "percent_statements_covered_display": "34"}, "missing_lines": [128, 129, 130, 131, 132, 137, 138, 139, 145, 146, 148, 160, 161, 163, 164, 165, 167, 168, 169, 170, 171, 172, 173, 175, 176, 177, 178, 179, 182, 186, 189, 193, 194, 195, 198, 200, 201, 202, 204, 205, 206, 207, 208, 209, 211, 212, 214, 215], "excluded_lines": []}, "InteractionEnergyFrame": {"executed_lines": [349, 350, 351, 362, 363], "summary": {"covered_lines": 5, "num_statements": 5, "percent_covered": 100.0, "percent_covered_display": "100", "missing_lines": 0, "excluded_lines": 0, "percent_statements_covered": 100.0, "percent_statements_covered_display": "100"}, "missing_lines": [], "excluded_lines": []}, "DynamicInteractionEnergy": {"executed_lines": [419, 420, 421, 422, 423, 424, 426, 469, 470, 471, 472, 473, 478, 479, 480, 481, 487, 501], "summary": {"covered_lines": 18, "num_statements": 32, "percent_covered": 56.25, "percent_covered_display": "56", "missing_lines": 14, "excluded_lines": 0, "percent_statements_covered": 56.25, "percent_statements_covered_display": "56"}, "missing_lines": [437, 438, 440, 441, 443, 444, 445, 446, 447, 449, 450, 452, 453, 505], "excluded_lines": []}, "": {"executed_lines": [1, 8, 9, 10, 11, 12, 13, 14, 15, 16, 17, 18, 19, 20, 21, 22, 23, 25, 28, 29, 34, 38, 39, 46, 47, 54, 55, 63, 64, 96, 119, 150, 217, 256, 273, 274, 282, 283, 309, 310, 330, 353, 366, 367, 396, 431, 455, 491, 503], "summary": {"covered_lines": 44, "num_statements": 44, "percent_covered": 100.0, "percent_covered_display": "100", "missing_lines": 0, "excluded_lines": 0, "percent_statements_covered": 100.0, "percent_statements_covered_display": "100"}, "missing_lines": [], "excluded_lines": []}}}, "src/molecular_simulations/analysis/ipSAE.py": {"executed_lines": [1, 8, 9, 10, 11, 12, 13, 15, 16, 19, 20, 45, 60, 61, 62, 64, 65, 67, 73, 74, 75, 76, 78, 84, 85, 86, 88, 94, 113, 115, 117, 123, 124, 125, 127, 133, 134, 137, 138, 167, 186, 187, 188, 189, 190, 191, 192, 194, 196, 212, 213, 214, 216, 217, 218, 219, 220, 222, 224, 236, 238, 255, 256, 257, 258, 259, 260, 262, 263, 264, 265, 266, 267, 268, 269, 271, 272, 274, 275, 276, 277, 278, 279, 281, 282, 283, 285, 287, 303, 304, 306, 307, 308, 309, 310, 311, 312, 314, 316, 333, 334, 337, 338, 340, 341, 343, 344, 345, 346, 348, 349, 351, 352, 353, 355, 356, 358, 360, 367, 368, 369, 370, 371, 375, 376, 377, 379, 380, 382, 384, 389, 390, 391, 392, 393, 395, 397, 398, 412, 414, 415, 428, 430, 431, 432, 444, 446, 447, 459, 461, 462, 463, 465, 468, 469, 492, 498, 500, 501, 502, 503, 505, 511, 512, 516, 517, 518, 519, 520, 525, 526, 528, 529, 530, 531, 532, 533, 534, 536, 541, 542, 544, 550, 551, 552, 553, 554, 555, 556, 557, 559, 560, 566, 568, 569, 579, 580, 581, 582, 583, 584, 585, 586, 588, 593, 594, 605, 606, 607, 608, 609, 610, 611, 612, 613, 615, 616, 618, 623, 624, 649], "summary": {"covered_lines": 217, "num_statements": 234, "percent_covered": 92.73504273504274, "percent_covered_display": "93", "missing_lines": 17, "excluded_lines": 0, "percent_statements_covered": 92.73504273504274, "percent_statements_covered_display": "93"}, "missing_lines": [100, 102, 103, 104, 105, 107, 108, 110, 111, 335, 514, 521, 522, 523, 537, 538, 539], "excluded_lines": [], "functions": {"ipSAE.__init__": {"executed_lines": [60, 61, 62, 64, 65], "summary": {"covered_lines": 5, "num_statements": 5, "percent_covered": 100.0, "percent_covered_display": "100", "missing_lines": 0, "excluded_lines": 0, "percent_statements_covered": 100.0, "percent_statements_covered_display": "100"}, "missing_lines": [], "excluded_lines": []}, "ipSAE.parse_structure_file": {"executed_lines": [73, 74, 75, 76], "summary": {"covered_lines": 4, "num_statements": 4, "percent_covered": 100.0, "percent_covered_display": "100", "missing_lines": 0, "excluded_lines": 0, "percent_statements_covered": 100.0, "percent_statements_covered_display": "100"}, "missing_lines": [], "excluded_lines": []}, "ipSAE.prepare_scorer": {"executed_lines": [84, 85, 86, 88], "summary": {"covered_lines": 4, "num_statements": 4, "percent_covered": 100.0, "percent_covered_display": "100", "missing_lines": 0, "excluded_lines": 0, "percent_statements_covered": 100.0, "percent_statements_covered_display": "100"}, "missing_lines": [], "excluded_lines": []}, "ipSAE.run": {"executed_lines": [], "summary": {"covered_lines": 0, "num_statements": 9, "percent_covered": 0.0, "percent_covered_display": "0", "missing_lines": 9, "excluded_lines": 0, "percent_statements_covered": 0.0, "percent_statements_covered_display": "0"}, "missing_lines": [100, 102, 103, 104, 105, 107, 108, 110, 111], "excluded_lines": []}, "ipSAE.save_scores": {"executed_lines": [115], "summary": {"covered_lines": 1, "num_statements": 1, "percent_covered": 100.0, "percent_covered_display": "100", "missing_lines": 0, "excluded_lines": 0, "percent_statements_covered": 100.0, "percent_statements_covered_display": "100"}, "missing_lines": [], "excluded_lines": []}, "ipSAE.load_pLDDT_file": {"executed_lines": [123, 124, 125], "summary": {"covered_lines": 3, "num_statements": 3, "percent_covered": 100.0, "percent_covered_display": "100", "missing_lines": 0, "excluded_lines": 0, "percent_statements_covered": 100.0, "percent_statements_covered_display": "100"}, "missing_lines": [], "excluded_lines": []}, "ipSAE.load_PAE_file": {"executed_lines": [133, 134], "summary": {"covered_lines": 2, "num_statements": 2, "percent_covered": 100.0, "percent_covered_display": "100", "missing_lines": 0, "excluded_lines": 0, "percent_statements_covered": 100.0, "percent_statements_covered_display": "100"}, "missing_lines": [], "excluded_lines": []}, "ScoreCalculator.__init__": {"executed_lines": [186, 187, 188, 189, 190, 191, 192, 194], "summary": {"covered_lines": 8, "num_statements": 8, "percent_covered": 100.0, "percent_covered_display": "100", "missing_lines": 0, "excluded_lines": 0, "percent_statements_covered": 100.0, "percent_statements_covered_display": "100"}, "missing_lines": [], "excluded_lines": []}, "ScoreCalculator.compute_scores": {"executed_lines": [212, 213, 214, 216, 217, 218, 219, 220, 222, 224, 236], "summary": {"covered_lines": 11, "num_statements": 11, "percent_covered": 100.0, "percent_covered_display": "100", "missing_lines": 0, "excluded_lines": 0, "percent_statements_covered": 100.0, "percent_statements_covered_display": "100"}, "missing_lines": [], "excluded_lines": []}, "ScoreCalculator.compute_pDockQ_scores": {"executed_lines": [255, 256, 257, 258, 259, 260, 262, 263, 264, 265, 266, 267, 268, 269, 271, 272, 274, 275, 276, 277, 278, 279, 281, 282, 283, 285], "summary": {"covered_lines": 26, "num_statements": 26, "percent_covered": 100.0, "percent_covered_display": "100", "missing_lines": 0, "excluded_lines": 0, "percent_statements_covered": 100.0, "percent_statements_covered_display": "100"}, "missing_lines": [], "excluded_lines": []}, "ScoreCalculator.compute_LIS": {"executed_lines": [303, 304, 306, 307, 308, 309, 310, 311, 312, 314], "summary": {"covered_lines": 10, "num_statements": 10, "percent_covered": 100.0, "percent_covered_display": "100", "missing_lines": 0, "excluded_lines": 0, "percent_statements_covered": 100.0, "percent_statements_covered_display": "100"}, "missing_lines": [], "excluded_lines": []}, "ScoreCalculator.compute_ipTM_ipSAE": {"executed_lines": [333, 334, 337, 338, 340, 341, 343, 344, 345, 346, 348, 349, 351, 352, 353, 355, 356, 358], "summary": {"covered_lines": 18, "num_statements": 19, "percent_covered": 94.73684210526316, "percent_covered_display": "95", "missing_lines": 1, "excluded_lines": 0, "percent_statements_covered": 94.73684210526316, "percent_statements_covered_display": "95"}, "missing_lines": [335], "excluded_lines": []}, "ScoreCalculator.get_max_values": {"executed_lines": [367, 368, 369, 370, 371, 375, 376, 377, 379, 380, 382], "summary": {"covered_lines": 11, "num_statements": 11, "percent_covered": 100.0, "percent_covered_display": "100", "missing_lines": 0, "excluded_lines": 0, "percent_statements_covered": 100.0, "percent_statements_covered_display": "100"}, "missing_lines": [], "excluded_lines": []}, "ScoreCalculator.permute_chains": {"executed_lines": [389, 390, 391, 392, 393, 395], "summary": {"covered_lines": 6, "num_statements": 6, "percent_covered": 100.0, "percent_covered_display": "100", "missing_lines": 0, "excluded_lines": 0, "percent_statements_covered": 100.0, "percent_statements_covered_display": "100"}, "missing_lines": [], "excluded_lines": []}, "ScoreCalculator.pDockQ_score": {"executed_lines": [412], "summary": {"covered_lines": 1, "num_statements": 1, "percent_covered": 100.0, "percent_covered_display": "100", "missing_lines": 0, "excluded_lines": 0, "percent_statements_covered": 100.0, "percent_statements_covered_display": "100"}, "missing_lines": [], "excluded_lines": []}, "ScoreCalculator.pDockQ2_score": {"executed_lines": [428], "summary": {"covered_lines": 1, "num_statements": 1, "percent_covered": 100.0, "percent_covered_display": "100", "missing_lines": 0, "excluded_lines": 0, "percent_statements_covered": 100.0, "percent_statements_covered_display": "100"}, "missing_lines": [], "excluded_lines": []}, "ScoreCalculator.compute_pTM": {"executed_lines": [444], "summary": {"covered_lines": 1, "num_statements": 1, "percent_covered": 100.0, "percent_covered_display": "100", "missing_lines": 0, "excluded_lines": 0, "percent_statements_covered": 100.0, "percent_statements_covered_display": "100"}, "missing_lines": [], "excluded_lines": []}, "ScoreCalculator.compute_d0": {"executed_lines": [459, 461, 462, 463, 465], "summary": {"covered_lines": 5, "num_statements": 5, "percent_covered": 100.0, "percent_covered_display": "100", "missing_lines": 0, "excluded_lines": 0, "percent_statements_covered": 100.0, "percent_statements_covered_display": "100"}, "missing_lines": [], "excluded_lines": []}, "ModelParser.__init__": {"executed_lines": [498, 500, 501, 502, 503], "summary": {"covered_lines": 5, "num_statements": 5, "percent_covered": 100.0, "percent_covered_display": "100", "missing_lines": 0, "excluded_lines": 0, "percent_statements_covered": 100.0, "percent_statements_covered_display": "100"}, "missing_lines": [], "excluded_lines": []}, "ModelParser.parse_structure_file": {"executed_lines": [511, 512, 516, 517, 518, 519, 520, 525, 526, 528, 529, 530, 531, 532, 533, 534, 536, 541, 542], "summary": {"covered_lines": 19, "num_statements": 26, "percent_covered": 73.07692307692308, "percent_covered_display": "73", "missing_lines": 7, "excluded_lines": 0, "percent_statements_covered": 73.07692307692308, "percent_statements_covered_display": "73"}, "missing_lines": [514, 521, 522, 523, 537, 538, 539], "excluded_lines": []}, "ModelParser.classify_chains": {"executed_lines": [550, 551, 552, 553, 554, 555, 556, 557], "summary": {"covered_lines": 8, "num_statements": 8, "percent_covered": 100.0, "percent_covered_display": "100", "missing_lines": 0, "excluded_lines": 0, "percent_statements_covered": 100.0, "percent_statements_covered_display": "100"}, "missing_lines": [], "excluded_lines": []}, "ModelParser.nucleic_acids": {"executed_lines": [566], "summary": {"covered_lines": 1, "num_statements": 1, "percent_covered": 100.0, "percent_covered_display": "100", "missing_lines": 0, "excluded_lines": 0, "percent_statements_covered": 100.0, "percent_statements_covered_display": "100"}, "missing_lines": [], "excluded_lines": []}, "ModelParser.parse_pdb_line": {"executed_lines": [579, 580, 581, 582, 583, 584, 585, 586, 588], "summary": {"covered_lines": 9, "num_statements": 9, "percent_covered": 100.0, "percent_covered_display": "100", "missing_lines": 0, "excluded_lines": 0, "percent_statements_covered": 100.0, "percent_statements_covered_display": "100"}, "missing_lines": [], "excluded_lines": []}, "ModelParser.parse_cif_line": {"executed_lines": [605, 606, 607, 608, 609, 610, 611, 612, 613, 615, 616, 618], "summary": {"covered_lines": 12, "num_statements": 12, "percent_covered": 100.0, "percent_covered_display": "100", "missing_lines": 0, "excluded_lines": 0, "percent_statements_covered": 100.0, "percent_statements_covered_display": "100"}, "missing_lines": [], "excluded_lines": []}, "ModelParser.package_line": {"executed_lines": [649], "summary": {"covered_lines": 1, "num_statements": 1, "percent_covered": 100.0, "percent_covered_display": "100", "missing_lines": 0, "excluded_lines": 0, "percent_statements_covered": 100.0, "percent_statements_covered_display": "100"}, "missing_lines": [], "excluded_lines": []}, "": {"executed_lines": [1, 8, 9, 10, 11, 12, 13, 15, 16, 19, 20, 45, 67, 78, 94, 113, 117, 127, 137, 138, 167, 196, 238, 287, 316, 360, 384, 397, 398, 414, 415, 430, 431, 432, 446, 447, 468, 469, 492, 505, 544, 559, 560, 568, 569, 593, 594, 623, 624], "summary": {"covered_lines": 45, "num_statements": 45, "percent_covered": 100.0, "percent_covered_display": "100", "missing_lines": 0, "excluded_lines": 0, "percent_statements_covered": 100.0, "percent_statements_covered_display": "100"}, "missing_lines": [], "excluded_lines": []}}, "classes": {"ipSAE": {"executed_lines": [60, 61, 62, 64, 65, 73, 74, 75, 76, 84, 85, 86, 88, 115, 123, 124, 125, 133, 134], "sum
[...]
_statements": 24, "percent_covered": 0.0, "percent_covered_display": "0", "missing_lines": 24, "excluded_lines": 0, "percent_statements_covered": 0.0, "percent_statements_covered_display": "0"}, "missing_lines": [544, 546, 547, 548, 549, 550, 551, 552, 553, 554, 556, 557, 559, 560, 561, 563, 565, 566, 567, 568, 570, 571, 573, 574], "excluded_lines": []}, "Simulator.add_backbone_posres": {"executed_lines": [], "summary": {"covered_lines": 0, "num_statements": 12, "percent_covered": 0.0, "percent_covered_display": "0", "missing_lines": 12, "excluded_lines": 0, "percent_statements_covered": 0.0, "percent_statements_covered_display": "0"}, "missing_lines": [594, 596, 597, 598, 599, 600, 602, 603, 604, 606, 607, 609], "excluded_lines": []}, "ImplicitSimulator.__init__": {"executed_lines": [], "summary": {"covered_lines": 0, "num_statements": 5, "percent_covered": 0.0, "percent_covered_display": "0", "missing_lines": 5, "excluded_lines": 0, "percent_statements_covered": 0.0, "percent_statements_covered_display": "0"}, "missing_lines": [667, 677, 678, 679, 682], "excluded_lines": []}, "ImplicitSimulator.load_amber_files": {"executed_lines": [], "summary": {"covered_lines": 0, "num_statements": 5, "percent_covered": 0.0, "percent_covered_display": "0", "missing_lines": 5, "excluded_lines": 0, "percent_statements_covered": 0.0, "percent_statements_covered_display": "0"}, "missing_lines": [692, 693, 694, 696, 705], "excluded_lines": []}, "ImplicitSimulator.equilibrate": {"executed_lines": [], "summary": {"covered_lines": 0, "num_statements": 14, "percent_covered": 0.0, "percent_covered_display": "0", "missing_lines": 14, "excluded_lines": 0, "percent_statements_covered": 0.0, "percent_statements_covered_display": "0"}, "missing_lines": [716, 717, 723, 725, 726, 727, 728, 729, 730, 732, 738, 740, 741, 743], "excluded_lines": []}, "ImplicitSimulator.production": {"executed_lines": [], "summary": {"covered_lines": 0, "num_statements": 9, "percent_covered": 0.0, "percent_covered_display": "0", "missing_lines": 9, "excluded_lines": 0, "percent_statements_covered": 0.0, "percent_statements_covered_display": "0"}, "missing_lines": [754, 755, 757, 759, 760, 762, 764, 765, 771], "excluded_lines": []}, "CustomForcesSimulator.__init__": {"executed_lines": [], "summary": {"covered_lines": 0, "num_statements": 2, "percent_covered": 0.0, "percent_covered_display": "0", "missing_lines": 2, "excluded_lines": 0, "percent_statements_covered": 0.0, "percent_statements_covered_display": "0"}, "missing_lines": [810, 813], "excluded_lines": []}, "CustomForcesSimulator.load_amber_files": {"executed_lines": [], "summary": {"covered_lines": 0, "num_statements": 8, "percent_covered": 0.0, "percent_covered_display": "0", "missing_lines": 8, "excluded_lines": 0, "percent_statements_covered": 0.0, "percent_statements_covered_display": "0"}, "missing_lines": [821, 822, 823, 824, 825, 828, 834, 836], "excluded_lines": []}, "CustomForcesSimulator.add_forces": {"executed_lines": [], "summary": {"covered_lines": 0, "num_statements": 3, "percent_covered": 0.0, "percent_covered_display": "0", "missing_lines": 3, "excluded_lines": 0, "percent_statements_covered": 0.0, "percent_statements_covered_display": "0"}, "missing_lines": [847, 848, 850], "excluded_lines": []}, "Minimizer.__init__": {"executed_lines": [881, 882, 884, 885, 886, 887, 889, 890], "summary": {"covered_lines": 8, "num_statements": 8, "percent_covered": 100.0, "percent_covered_display": "100", "missing_lines": 0, "excluded_lines": 0, "percent_statements_covered": 100.0, "percent_statements_covered_display": "100"}, "missing_lines": [], "excluded_lines": []}, "Minimizer.minimize": {"executed_lines": [], "summary": {"covered_lines": 0, "num_statements": 8, "percent_covered": 0.0, "percent_covered_display": "0", "missing_lines": 8, "excluded_lines": 0, "percent_statements_covered": 0.0, "percent_statements_covered_display": "0"}, "missing_lines": [898, 899, 902, 908, 910, 912, 913, 915], "excluded_lines": []}, "Minimizer.load_files": {"executed_lines": [], "summary": {"covered_lines": 0, "num_statements": 8, "percent_covered": 0.0, "percent_covered_display": "0", "missing_lines": 8, "excluded_lines": 0, "percent_statements_covered": 0.0, "percent_statements_covered_display": "0"}, "missing_lines": [929, 930, 931, 932, 933, 934, 936, 939], "excluded_lines": []}, "Minimizer.load_amber": {"executed_lines": [], "summary": {"covered_lines": 0, "num_statements": 4, "percent_covered": 0.0, "percent_covered_display": "0", "missing_lines": 4, "excluded_lines": 0, "percent_statements_covered": 0.0, "percent_statements_covered_display": "0"}, "missing_lines": [947, 948, 951, 954], "excluded_lines": []}, "Minimizer.load_gromacs": {"executed_lines": [], "summary": {"covered_lines": 0, "num_statements": 5, "percent_covered": 0.0, "percent_covered_display": "0", "missing_lines": 5, "excluded_lines": 0, "percent_statements_covered": 0.0, "percent_statements_covered_display": "0"}, "missing_lines": [965, 966, 967, 970, 973], "excluded_lines": []}, "Minimizer.load_pdb": {"executed_lines": [], "summary": {"covered_lines": 0, "num_statements": 5, "percent_covered": 0.0, "percent_covered_display": "0", "missing_lines": 5, "excluded_lines": 0, "percent_statements_covered": 0.0, "percent_statements_covered_display": "0"}, "missing_lines": [983, 984, 985, 987, 991], "excluded_lines": []}, "": {"executed_lines": [1, 14, 15, 16, 17, 18, 19, 20, 21, 22, 23, 25, 26, 28, 31, 32, 85, 142, 170, 194, 216, 245, 271, 297, 331, 364, 386, 431, 465, 501, 516, 537, 576, 577, 612, 613, 648, 684, 707, 745, 774, 775, 800, 815, 838, 853, 854, 875, 892, 920, 941, 956, 975], "summary": {"covered_lines": 48, "num_statements": 48, "percent_covered": 100.0, "percent_covered_display": "100", "missing_lines": 0, "excluded_lines": 0, "percent_statements_covered": 100.0, "percent_statements_covered_display": "100"}, "missing_lines": [], "excluded_lines": []}}, "classes": {"Simulator": {"executed_lines": [], "summary": {"covered_lines": 0, "num_statements": 176, "percent_covered": 0.0, "percent_covered_display": "0", "missing_lines": 176, "excluded_lines": 0, "percent_statements_covered": 0.0, "percent_statements_covered_display": "0"}, "missing_lines": [102, 103, 104, 105, 107, 108, 109, 111, 112, 114, 117, 118, 119, 120, 121, 123, 124, 125, 126, 127, 128, 131, 132, 133, 134, 135, 136, 139, 140, 152, 156, 157, 158, 165, 166, 182, 183, 184, 185, 187, 189, 190, 192, 203, 204, 205, 208, 214, 224, 225, 226, 228, 229, 231, 232, 233, 238, 243, 260, 263, 269, 278, 280, 281, 282, 283, 285, 286, 287, 288, 289, 292, 295, 306, 307, 313, 315, 316, 318, 324, 326, 327, 329, 344, 345, 347, 348, 350, 351, 353, 355, 356, 362, 376, 377, 378, 379, 381, 382, 384, 404, 429, 446, 447, 449, 450, 451, 452, 453, 454, 455, 456, 458, 459, 461, 463, 480, 481, 482, 483, 485, 486, 487, 488, 490, 491, 493, 494, 496, 497, 499, 510, 511, 512, 514, 529, 530, 531, 533, 535, 544, 546, 547, 548, 549, 550, 551, 552, 553, 554, 556, 557, 559, 560, 561, 563, 565, 566, 567, 568, 570, 571, 573, 574, 594, 596, 597, 598, 599, 600, 602, 603, 604, 606, 607, 609], "excluded_lines": []}, "ImplicitSimulator": {"executed_lines": [], "summary": {"covered_lines": 0, "num_statements": 33, "percent_covered": 0.0, "percent_covered_display": "0", "missing_lines": 33, "excluded_lines": 0, "percent_statements_covered": 0.0, "percent_statements_covered_display": "0"}, "missing_lines": [667, 677, 678, 679, 682, 692, 693, 694, 696, 705, 716, 717, 723, 725, 726, 727, 728, 729, 730, 732, 738, 740, 741, 743, 754, 755, 757, 759, 760, 762, 764, 765, 771], "excluded_lines": []}, "CustomForcesSimulator": {"executed_lines": [], "summary": {"covered_lines": 0, "num_statements": 13, "percent_covered": 0.0, "percent_covered_display": "0", "missing_lines": 13, "excluded_lines": 0, "percent_statements_covered": 0.0, "percent_statements_covered_display": "0"}, "missing_lines": [810, 813, 821, 822, 823, 824, 825, 828, 834, 836, 847, 848, 850], "excluded_lines": []}, "Minimizer": {"executed_lines": [881, 882, 884, 885, 886, 887, 889, 890], "summary": {"covered_lines": 8, "num_statements": 38, "percent_covered": 21.05263157894737, "percent_covered_display": "21", "missing_lines": 30, "excluded_lines": 0, "percent_statements_covered": 21.05263157894737, "percent_statements_covered_display": "21"}, "missing_lines": [898, 899, 902, 908, 910, 912, 913, 915, 929, 930, 931, 932, 933, 934, 936, 939, 947, 948, 951, 954, 965, 966, 967, 970, 973, 983, 984, 985, 987, 991], "excluded_lines": []}, "": {"executed_lines": [1, 14, 15, 16, 17, 18, 19, 20, 21, 22, 23, 25, 26, 28, 31, 32, 85, 142, 170, 194, 216, 245, 271, 297, 331, 364, 386, 431, 465, 501, 516, 537, 576, 577, 612, 613, 648, 684, 707, 745, 774, 775, 800, 815, 838, 853, 854, 875, 892, 920, 941, 956, 975], "summary": {"covered_lines": 48, "num_statements": 48, "percent_covered": 100.0, "percent_covered_display": "100", "missing_lines": 0, "excluded_lines": 0, "percent_statements_covered": 100.0, "percent_statements_covered_display": "100"}, "missing_lines": [], "excluded_lines": []}}}, "src/molecular_simulations/utils/__init__.py": {"executed_lines": [1, 3, 4, 8, 9], "summary": {"covered_lines": 5, "num_statements": 5, "percent_covered": 100.0, "percent_covered_display": "100", "missing_lines": 0, "excluded_lines": 0, "percent_statements_covered": 100.0, "percent_statements_covered_display": "100"}, "missing_lines": [], "excluded_lines": [], "functions": {"": {"executed_lines": [1, 3, 4, 8, 9], "summary": {"covered_lines": 5, "num_statements": 5, "percent_covered": 100.0, "percent_covered_display": "100", "missing_lines": 0, "excluded_lines": 0, "percent_statements_covered": 100.0, "percent_statements_covered_display": "100"}, "missing_lines": [], "excluded_lines": []}}, "classes": {"": {"executed_lines": [1, 3, 4, 8, 9], "summary": {"covered_lines": 5, "num_statements": 5, "percent_covered": 100.0, "percent_covered_display": "100", "missing_lines": 0, "excluded_lines": 0, "percent_statements_covered": 100.0, "percent_statements_covered_display": "100"}, "missing_lines": [], "excluded_lines": []}}}, "src/molecular_simulations/utils/amber_utils.py": {"executed_lines": [1, 2, 4, 6, 7, 9, 10, 12, 13, 14, 15, 16, 17, 19, 20, 21, 23, 24, 26], "summary": {"covered_lines": 19, "num_statements": 19, "percent_covered": 100.0, "percent_covered_display": "100", "missing_lines": 0, "excluded_lines": 0, "percent_statements_covered": 100.0, "percent_statements_covered_display": "100"}, "missing_lines": [], "excluded_lines": [], "functions": {"assign_chainids": {"executed_lines": [6, 7, 9, 10, 12, 19, 20, 21, 23, 24, 26], "summary": {"covered_lines": 11, "num_statements": 11, "percent_covered": 100.0, "percent_covered_display": "100", "missing_lines": 0, "excluded_lines": 0, "percent_statements_covered": 100.0, "percent_statements_covered_display": "100"}, "missing_lines": [], "excluded_lines": []}, "assign_chainids.get_chain_label": {"executed_lines": [13, 14, 15, 16, 17], "summary": {"covered_lines": 5, "num_statements": 5, "percent_covered": 100.0, "percent_covered_display": "100", "missing_lines": 0, "excluded_lines": 0, "percent_statements_covered": 100.0, "percent_statements_covered_display": "100"}, "missing_lines": [], "excluded_lines": []}, "": {"executed_lines": [1, 2, 4], "summary": {"covered_lines": 3, "num_statements": 3, "percent_covered": 100.0, "percent_covered_display": "100", "missing_lines": 0, "excluded_lines": 0, "percent_statements_covered": 100.0, "percent_statements_covered_display": "100"}, "missing_lines": [], "excluded_lines": []}}, "classes": {"": {"executed_lines": [1, 2, 4, 6, 7, 9, 10, 12, 13, 14, 15, 16, 17, 19, 20, 21, 23, 24, 26], "summary": {"covered_lines": 19, "num_statements": 19, "percent_covered": 100.0, "percent_covered_display": "100", "missing_lines": 0, "excluded_lines": 0, "percent_statements_covered": 100.0, "percent_statements_covered_display": "100"}, "missing_lines": [], "excluded_lines": []}}}, "src/molecular_simulations/utils/mda_utils.py": {"executed_lines": [], "summary": {"covered_lines": 0, "num_statements": 21, "percent_covered": 0.0, "percent_covered_display": "0", "missing_lines": 21, "excluded_lines": 0, "percent_statements_covered": 0.0, "percent_statements_covered_display": "0"}, "missing_lines": [1, 2, 3, 6, 8, 15, 16, 18, 20, 22, 23, 25, 26, 27, 29, 31, 33, 34, 36, 37, 38], "excluded_lines": [], "functions": {"trim_trajectory": {"executed_lines": [], "summary": {"covered_lines": 0, "num_statements": 16, "percent_covered": 0.0, "percent_covered_display": "0", "missing_lines": 16, "excluded_lines": 0, "percent_statements_covered": 0.0, "percent_statements_covered_display": "0"}, "missing_lines": [15, 16, 18, 20, 22, 23, 25, 26, 27, 29, 31, 33, 34, 36, 37, 38], "excluded_lines": []}, "": {"executed_lines": [], "summary": {"covered_lines": 0, "num_statements": 5, "percent_covered": 0.0, "percent_covered_display": "0", "missing_lines": 5, "excluded_lines": 0, "percent_statements_covered": 0.0, "percent_statements_covered_display": "0"}, "missing_lines": [1, 2, 3, 6, 8], "excluded_lines": []}}, "classes": {"": {"executed_lines": [], "summary": {"covered_lines": 0, "num_statements": 21, "percent_covered": 0.0, "percent_covered_display": "0", "missing_lines": 21, "excluded_lines": 0, "percent_statements_covered": 0.0, "percent_statements_covered_display": "0"}, "missing_lines": [1, 2, 3, 6, 8, 15, 16, 18, 20, 22, 23, 25, 26, 27, 29, 31, 33, 34, 36, 37, 38], "excluded_lines": []}}}, "src/molecular_simulations/utils/parsl_settings.py": {"executed_lines": [2, 3, 4, 5, 6, 7, 8, 9, 10, 11, 12, 13, 15, 16, 18, 19, 20, 21, 23, 24, 25, 26, 27, 29, 30, 32, 33, 38, 39, 40, 41, 42, 43, 44, 46, 48, 70, 71, 72, 73, 74, 75, 76, 77, 78, 80, 105, 106, 107, 108, 109, 110, 111, 112, 113, 114, 115, 117, 125, 161, 162, 163, 164, 165, 166, 167, 168, 169, 170, 171, 172, 174, 176], "summary": {"covered_lines": 72, "num_statements": 73, "percent_covered": 98.63013698630137, "percent_covered_display": "99", "missing_lines": 1, "excluded_lines": 0, "percent_statements_covered": 98.63013698630137, "percent_statements_covered_display": "99"}, "missing_lines": [82], "excluded_lines": [], "functions": {"BaseSettings.dump_yaml": {"executed_lines": [20, 21], "summary": {"covered_lines": 2, "num_statements": 2, "percent_covered": 100.0, "percent_covered_display": "100", "missing_lines": 0, "excluded_lines": 0, "percent_statements_covered": 100.0, "percent_statements_covered_display": "100"}, "missing_lines": [], "excluded_lines": []}, "BaseSettings.from_yaml": {"executed_lines": [25, 26, 27], "summary": {"covered_lines": 3, "num_statements": 3, "percent_covered": 100.0, "percent_covered_display": "100", "missing_lines": 0, "excluded_lines": 0, "percent_statements_covered": 100.0, "percent_statements_covered_display": "100"}, "missing_lines": [], "excluded_lines": []}, "BaseComputeSettings.config_factory": {"executed_lines": [], "summary": {"covered_lines": 0, "num_statements": 0, "percent_covered": 100.0, "percent_covered_display": "100", "missing_lines": 0, "excluded_lines": 0, "percent_statements_covered": 100.0, "percent_statements_covered_display": "100"}, "missing_lines": [], "excluded_lines": []}, "LocalSettings.config_factory": {"executed_lines": [48], "summary": {"covered_lines": 1, "num_statements": 1, "percent_covered": 100.0, "percent_covered_display": "100", "missing_lines": 0, "excluded_lines": 0, "percent_statements_covered": 100.0, "percent_statements_covered_display": "100"}, "missing_lines": [], "excluded_lines": []}, "LocalCPUSettings.config_factory": {"executed_lines": [], "summary": {"covered_lines": 0, "num_statements": 1, "percent_covered": 0.0, "percent_covered_display": "0", "missing_lines": 1, "excluded_lines": 0, "percent_statements_covered": 0.0, "percent_statements_covered_display": "0"}, "missing_lines": [82], "excluded_lines": []}, "PolarisSettings.config_factory": {"executed_lines": [125], "summary": {"covered_lines": 1, "num_statements": 1, "percent_covered": 100.0, "percent_covered_display": "100", "missing_lines": 0, "excluded_lines": 0, "percent_statements_covered": 100.0, "percent_statements_covered_display": "100"}, "missing_lines": [], "excluded_lines": []}, "AuroraSettings.config_factory": {"executed_lines": [176], "summary": {"covered_lines": 1, "num_statements": 1, "percent_covered": 100.0, "percent_covered_display": "100", "missing_lines": 0, "excluded_lines": 0, "percent_statements_covered": 100.0, "percent_statements_covered_display": "100"}, "missing_lines": [], "excluded_lines": []}, "": {"executed_lines": [2, 3, 4, 5, 6, 7, 8, 9, 10, 11, 12, 13, 15, 16, 18, 19, 23, 24, 29, 30, 32, 33, 38, 39, 40, 41, 42, 43, 44, 46, 70, 71, 72, 73, 74, 75, 76, 77, 78, 80, 105, 106, 107, 108, 109, 110, 111, 112, 113, 114, 115, 117, 161, 162, 163, 164, 165, 166, 167, 168, 169, 170, 171, 172, 174], "summary": {"covered_lines": 64, "num_statements": 64, "percent_covered": 100.0, "percent_covered_display": "100", "missing_lines": 0, "excluded_lines": 0, "percent_statements_covered": 100.0, "percent_statements_covered_display": "100"}, "missing_lines": [], "excluded_lines": []}}, "classes": {"BaseSettings": {"executed_lines": [20, 21, 25, 26, 27], "summary": {"covered_lines": 5, "num_statements": 5, "percent_covered": 100.0, "percent_covered_display": "100", "missing_lines": 0, "excluded_lines": 0, "percent_statements_covered": 100.0, "percent_statements_covered_display": "100"}, "missing_lines": [], "excluded_lines": []}, "BaseComputeSettings": {"executed_lines": [], "summary": {"covered_lines": 0, "num_statements": 0, "percent_covered": 100.0, "percent_covered_display": "100", "missing_lines": 0, "excluded_lines": 0, "percent_statements_covered": 100.0, "percent_statements_covered_display": "100"}, "missing_lines": [], "excluded_lines": []}, "LocalSettings": {"executed_lines": [48], "summary": {"covered_lines": 1, "num_statements": 1, "percent_covered": 100.0, "percent_covered_display": "100", "missing_lines": 0, "excluded_lines": 0, "percent_statements_covered": 100.0, "percent_statements_covered_display": "100"}, "missing_lines": [], "excluded_lines": []}, "LocalCPUSettings": {"executed_lines": [], "summary": {"covered_lines": 0, "num_statements": 1, "percent_covered": 0.0, "percent_covered_display": "0", "missing_lines": 1, "excluded_lines": 0, "percent_statements_covered": 0.0, "percent_statements_covered_display": "0"}, "missing_lines": [82], "excluded_lines": []}, "PolarisSettings": {"executed_lines": [125], "summary": {"covered_lines": 1, "num_statements": 1, "percent_covered": 100.0, "percent_covered_display": "100", "missing_lines": 0, "excluded_lines": 0, "percent_statements_covered": 100.0, "percent_statements_covered_display": "100"}, "missing_lines": [], "excluded_lines": []}, "AuroraSettings": {"executed_lines": [176], "summary": {"covered_lines": 1, "num_statements": 1, "percent_covered": 100.0, "percent_covered_display": "100", "missing_lines": 0, "excluded_lines": 0, "percent_statements_covered": 100.0, "percent_statements_covered_display": "100"}, "missing_lines": [], "excluded_lines": []}, "": {"executed_lines": [2, 3, 4, 5, 6, 7, 8, 9, 10, 11, 12, 13, 15, 16, 18, 19, 23, 24, 29, 30, 32, 33, 38, 39, 40, 41, 42, 43, 44, 46, 70, 71, 72, 73, 74, 75, 76, 77, 78, 80, 105, 106, 107, 108, 109, 110, 111, 112, 113, 114, 115, 117, 161, 162, 163, 164, 165, 166, 167, 168, 169, 170, 171, 172, 174], "summary": {"covered_lines": 64, "num_statements": 64, "percent_covered": 100.0, "percent_covered_display": "100", "missing_lines": 0, "excluded_lines": 0, "percent_statements_covered": 100.0, "percent_statements_covered_display": "100"}, "missing_lines": [], "excluded_lines": []}}}}, "totals": {"covered_lines": 1530, "num_statements": 3471, "percent_covered": 44.07951598962835, "percent_covered_display": "44", "missing_lines": 1941, "excluded_lines": 2, "percent_statements_covered": 44.07951598962835, "percent_statements_covered_display": "44"}}